<?xml version="1.0" encoding="utf-8"?><testsuites name="pytest tests"><testsuite name="pytest" errors="0" failures="0" skipped="0" tests="768" time="125.704" timestamp="2026-09-11T09:08:38.649501+07:00" hostname="Macbook-4.local"><testcase classname="tests.test_evaluation_v5" name="test_valid_manifest_round_trip_and_verified_write" time="0.003" /><testcase classname="tests.test_evaluation_v5" name="test_observed_manifest_rejects_missing_required_provenance" time="0.000" /><testcase classname="tests.test_evaluation_v5" name="test_invalid_execution_status_is_rejected" time="0.000" /><testcase classname="tests.test_evaluation_v5" name="test_result_directories_are_immutable_by_default" time="0.001" /><testcase classname="tests.test_evaluation_v5" name="test_checksum_mismatch_is_rejected" time="0.001" /><testcase classname="tests.test_evaluation_v5" name="test_atomic_write_succeeds_and_failure_leaves_original_unchanged" time="0.003" /><testcase classname="tests.test_evaluation_v5" name="test_development_override_can_reuse_and_replace_dry_run_files" time="0.003" /><testcase classname="tests.test_evaluation_v5" name="test_development_override_cannot_downgrade_existing_observed_manifest" time="0.002" /><testcase classname="tests.test_evaluation_v5" name="test_development_override_protects_claim_sensitive_target_payloads[protected_payload0]" time="0.003" /><testcase classname="tests.test_evaluation_v5" name="test_development_override_protects_claim_sensitive_target_payloads[protected_payload1]" time="0.002" /><testcase classname="tests.test_evaluation_v5" name="test_development_override_protects_claim_sensitive_target_payloads[protected_payload2]" time="0.002" /><testcase classname="tests.test_evaluation_v5" name="test_development_override_protects_claim_sensitive_target_payloads[protected_payload3]" time="0.003" /><testcase classname="tests.test_evaluation_v5" name="test_development_override_rejects_confirmatory_and_observed[manifest0]" time="0.001" /><testcase classname="tests.test_evaluation_v5" name="test_development_override_rejects_confirmatory_and_observed[manifest1]" time="0.001" /><testcase classname="tests.test_evaluation_v5" name="test_operational_provenance_adapter_uses_supplied_snapshots_only" time="0.000" /><testcase classname="tests.test_evaluation_v5_component_scoring" name="test_primary_error_categories_for_feasible_requests[EXTRACTION_ERROR-case0-&lt;lambda&gt;]" time="0.001" /><testcase classname="tests.test_evaluation_v5_component_scoring" name="test_primary_error_categories_for_feasible_requests[RETRIEVAL_MISS-case1-&lt;lambda&gt;]" time="0.000" /><testcase classname="tests.test_evaluation_v5_component_scoring" name="test_primary_error_categories_for_feasible_requests[CONSTRAINT_ERROR-case2-&lt;lambda&gt;]" time="0.000" /><testcase classname="tests.test_evaluation_v5_component_scoring" name="test_primary_error_categories_for_feasible_requests[RANKING_ERROR-case3-&lt;lambda&gt;]" time="0.000" /><testcase classname="tests.test_evaluation_v5_component_scoring" name="test_primary_error_categories_for_feasible_requests[PROVIDER_FAILURE-case4-&lt;lambda&gt;]" time="0.000" /><testcase classname="tests.test_evaluation_v5_component_scoring" name="test_unsupported_catalog_category_for_correct_infeasible_detection" time="0.000" /><testcase classname="tests.test_evaluation_v5_component_scoring" name="test_other_category_for_unresolved_ambiguous_request" time="0.000" /><testcase classname="tests.test_evaluation_v5_component_scoring" name="test_success_has_no_primary_category_but_keeps_secondary_diagnostics" time="0.000" /><testcase classname="tests.test_evaluation_v5_component_scoring" name="test_extraction_precedes_retrieval_and_hard_soft_metrics_remain_separate" time="0.000" /><testcase classname="tests.test_evaluation_v5_component_scoring" name="test_feature_library_normalization_frameworks_and_numeric_diagnostics" time="0.000" /><testcase classname="tests.test_evaluation_v5_component_scoring" name="test_invalid_structured_intent_schema_is_an_extraction_error" time="0.000" /><testcase classname="tests.test_evaluation_v5_component_scoring" name="test_gpu_and_ambiguity_detection_are_exact_but_text_is_not_compared" time="0.000" /><testcase classname="tests.test_evaluation_v5_component_scoring" name="test_retrieval_recall_hit_mrr_and_ndcg_use_unfiltered_top_k" time="0.000" /><testcase classname="tests.test_evaluation_v5_component_scoring" name="test_constraint_false_rejection_and_infeasible_survival_are_separate" time="0.000" /><testcase classname="tests.test_evaluation_v5_component_scoring" name="test_p3_provider_failure_is_primary_when_reranking_degradation_leaves_bad_fallback" time="0.000" /><testcase classname="tests.test_evaluation_v5_component_scoring" name="test_upstream_retrieval_miss_precedes_later_p3_provider_failure" time="0.000" /><testcase classname="tests.test_evaluation_v5_component_scoring" name="test_p3_provider_failure_with_successful_p2_fallback_has_no_primary" time="0.000" /><testcase classname="tests.test_evaluation_v5_component_scoring" name="test_primary_attribution_invariant_covers_both_p2_and_p3" time="0.001" /><testcase classname="tests.test_evaluation_v5_component_scoring" name="test_primary_attribution_rejects_unset_multiple_or_duplicated_categories" time="0.000" /><testcase classname="tests.test_evaluation_v5_component_scoring" name="test_provider_failure_is_attributed_to_the_observed_constraint_stage" time="0.000" /><testcase classname="tests.test_evaluation_v5_component_scoring" name="test_all_failed_p2_recommendations_are_categorized_and_aggregated_by_family" time="0.001" /><testcase classname="tests.test_evaluation_v5_component_scoring" name="test_per_family_summary_collapses_repeats_before_variants" time="0.001" /><testcase classname="tests.test_evaluation_v5_component_scoring" name="test_p3_headroom_gate_uses_family_counts_and_is_configurable" time="0.000" /><testcase classname="tests.test_evaluation_v5_component_scoring" name="test_duplicate_repeats_do_not_change_family_level_p3_gate" time="0.006" /><testcase classname="tests.test_evaluation_v5_component_scoring" name="test_p3_headroom_is_not_evaluated_on_confirmatory_data" time="0.000" /><testcase classname="tests.test_evaluation_v5_component_scoring" name="test_p3_headroom_is_not_computed_from_zero_p2_families" time="0.000" /><testcase classname="tests.test_evaluation_v5_component_scoring" name="test_gold_raw_join_rejects_incomplete_coverage_and_catalog_drift" time="0.000" /><testcase classname="tests.test_evaluation_v5_component_scoring" name="test_not_executed_status_is_explicit_and_non_overwriting" time="0.011" /><testcase classname="tests.test_evaluation_v5_component_scoring" name="test_status_only_cli_has_no_partial_metrics_or_gate_decision" time="0.011" /><testcase classname="tests.test_evaluation_v5_component_scoring" name="test_missing_raw_or_complete_gold_is_not_executed_at_api_and_cli" time="0.374" /><testcase classname="tests.test_evaluation_v5_component_scoring" name="test_incomplete_raw_gold_or_mixed_partial_sources_cannot_bypass_fail_closed" time="0.678" /><testcase classname="tests.test_evaluation_v5_component_scoring" name="test_empty_or_partial_direct_scoring_is_rejected_before_metrics" time="0.000" /><testcase classname="tests.test_evaluation_v5_component_scoring" name="test_analysis_package_records_checksums_and_does_not_mutate_raw" time="0.012" /><testcase classname="tests.test_evaluation_v5_component_scoring" name="test_analysis_package_validator_rejects_checksum_drift" time="0.012" /><testcase classname="tests.test_evaluation_v5_component_scoring" name="test_compiled_v2_prompt5_evidence_runs_through_cli" time="0.458" /><testcase classname="tests.test_evaluation_v5_component_scoring" name="test_validated_evidence_loader_retains_requested_or_all_systems" time="0.379" /><testcase classname="tests.test_evaluation_v5_component_scoring" name="test_p3_gate_recomputes_decision_and_rejects_forged_retained_status" time="0.993" /><testcase classname="tests.test_evaluation_v5_component_scoring" name="test_freeze_gate_snapshot_is_derived_from_verified_decision" time="0.773" /><testcase classname="tests.test_evaluation_v5_component_scoring" name="test_p3_gate_rejects_tampered_upstream_evidence" time="0.791" /><testcase classname="tests.test_evaluation_v5_component_scoring" name="test_source_run_provenance_exports_bound_e5_identities_and_reverifies" time="0.265" /><testcase classname="tests.test_evaluation_v5_component_scoring" name="test_source_run_capability_cannot_be_caller_constructed" time="0.001" /><testcase classname="tests.test_evaluation_v5_component_scoring" name="test_confirmatory_gold_carries_frozen_p3_gate_identity" time="0.136" /><testcase classname="tests.test_evaluation_v5_gold_dataset" name="test_valid_family_dataset_summary_and_optional_variant_classes" time="0.034" /><testcase classname="tests.test_evaluation_v5_gold_dataset" name="test_optional_family_and_variant_fields_may_be_omitted" time="0.034" /><testcase classname="tests.test_evaluation_v5_gold_dataset" name="test_optional_perturbation_variant_classes_are_supported[optional_code_context]" time="0.034" /><testcase classname="tests.test_evaluation_v5_gold_dataset" name="test_optional_perturbation_variant_classes_are_supported[optional_ambiguity_variant]" time="0.034" /><testcase classname="tests.test_evaluation_v5_gold_dataset" name="test_strict_yaml_and_json_loading" time="0.078" /><testcase classname="tests.test_evaluation_v5_gold_dataset" name="test_semantic_validation_rejects_invalid_datasets[extra_field-unexpected fields]" time="0.034" /><testcase classname="tests.test_evaluation_v5_gold_dataset" name="test_semantic_validation_rejects_invalid_datasets[duplicate_variant-globally unique]" time="0.034" /><testcase classname="tests.test_evaluation_v5_gold_dataset" name="test_semantic_validation_rejects_invalid_datasets[unknown_candidate-unknown candidates]" time="0.034" /><testcase classname="tests.test_evaluation_v5_gold_dataset" name="test_semantic_validation_rejects_invalid_datasets[unknown_profile-unknown profiles]" time="0.034" /><testcase classname="tests.test_evaluation_v5_gold_dataset" name="test_semantic_validation_rejects_invalid_datasets[unknown_image-unknown images]" time="0.034" /><testcase classname="tests.test_evaluation_v5_gold_dataset" name="test_semantic_validation_rejects_invalid_datasets[preferred_not_acceptable-subset]" time="0.034" /><testcase classname="tests.test_evaluation_v5_gold_dataset" name="test_semantic_validation_rejects_invalid_datasets[candidate_component_mismatch-disagrees]" time="0.034" /><testcase classname="tests.test_evaluation_v5_gold_dataset" name="test_semantic_validation_rejects_invalid_datasets[candidate_constraint_violation-hard gold constraints]" time="0.034" /><testcase classname="tests.test_evaluation_v5_gold_dataset" name="test_semantic_validation_rejects_invalid_datasets[missing_unsupported_marker-explicitly mark]" time="0.034" /><testcase classname="tests.test_evaluation_v5_gold_dataset" name="test_semantic_validation_rejects_invalid_datasets[catalog_drift-administrator-owned]" time="0.034" /><testcase classname="tests.test_evaluation_v5_gold_dataset" name="test_semantic_validation_rejects_invalid_datasets[unknown_workload-does not resolve]" time="0.034" /><testcase classname="tests.test_evaluation_v5_gold_dataset" name="test_semantic_validation_rejects_invalid_datasets[infinite_resource-finite JSON data]" time="0.003" /><testcase classname="tests.test_evaluation_v5_gold_dataset" name="test_review_report_is_redaction_safe_and_classifies_findings" time="0.035" /><testcase classname="tests.test_evaluation_v5_gold_dataset" name="test_review_highlights_unresolved_and_documented_gold_ambiguity" time="0.066" /><testcase classname="tests.test_evaluation_v5_gold_dataset" name="test_compile_preserves_full_gold_and_v1_remains_supported" time="0.336" /><testcase classname="tests.test_evaluation_v5_gold_dataset" name="test_v2_validation_rejects_cross_case_family_drift" time="0.314" /><testcase classname="tests.test_evaluation_v5_gold_dataset" name="test_v2_validation_rejects_source_role_drift" time="0.328" /><testcase classname="tests.test_evaluation_v5_gold_dataset" name="test_compile_blocks_unresolved_or_unfrozen_labels" time="0.131" /><testcase classname="tests.test_evaluation_v5_gold_dataset" name="test_confirmatory_compile_requires_external_absolute_paths" time="0.297" /><testcase classname="tests.test_evaluation_v5_gold_dataset" name="test_confirmatory_classification_isolation" time="0.403" /><testcase classname="tests.test_evaluation_v5_gold_dataset" name="test_confirmatory_family_source_provenance_isolation" time="0.065" /><testcase classname="tests.test_evaluation_v5_gold_dataset" name="test_split_bundle_enforces_evidence_classification_closed_model" time="0.477" /><testcase classname="tests.test_evaluation_v5_gold_dataset" name="test_extra_workload_manifests_are_supported_through_compilation" time="0.193" /><testcase classname="tests.test_evaluation_v5_gold_dataset" name="test_v4_import_is_development_only_pending_reference_material" time="0.228" /><testcase classname="tests.test_evaluation_v5_gold_dataset" name="test_cli_import_validate_summary_review_and_overwrite_guard" time="0.572" /><testcase classname="tests.test_evaluation_v5_gold_dataset" name="test_cli_compiles_manually_frozen_synthetic_fixture" time="0.329" /><testcase classname="tests.test_evaluation_v5_gold_dataset" name="test_exclusive_writer_supports_json_and_yaml" time="0.003" /><testcase classname="tests.test_evaluation_v5_gold_dataset" name="test_machine_readable_schema_files_are_valid_json" time="0.244" /><testcase classname="tests.test_evaluation_v5_gold_dataset" name="test_isolation_audit_detects_confirmatory_authoring_and_v2_without_prompts" time="0.209" /><testcase classname="tests.test_evaluation_v5_gold_dataset" name="test_isolation_audit_detects_confirmatory_authoring_in_archive" time="0.019" /><testcase classname="tests.test_evaluation_v5_gold_dataset" name="test_isolation_audit_does_not_flag_new_schema_artifacts" time="0.002" /><testcase classname="tests.test_evaluation_v5_gold_dataset" name="test_compile_gating_matrix_blocks_only_unresolved_label_findings" time="0.770" /><testcase classname="tests.test_evaluation_v5_gold_dataset" name="test_compile_revalidates_mutated_gold_and_live_catalog_identity" time="0.133" /><testcase classname="tests.test_evaluation_v5_gold_dataset" name="test_controlled_ambiguity_requires_consistent_reviewed_gold_and_compiles" time="0.190" /><testcase classname="tests.test_evaluation_v5_gold_dataset" name="test_controlled_ambiguity_rejects_feasible_or_unreviewed_gold" time="0.071" /><testcase classname="tests.test_evaluation_v5_gold_dataset" name="test_every_catalog_identity_component_is_drift_checked[candidate_corpus_version]" time="0.034" /><testcase classname="tests.test_evaluation_v5_gold_dataset" name="test_every_catalog_identity_component_is_drift_checked[candidate_corpus_sha256]" time="0.035" /><testcase classname="tests.test_evaluation_v5_gold_dataset" name="test_every_catalog_identity_component_is_drift_checked[image_catalog_version]" time="0.052" /><testcase classname="tests.test_evaluation_v5_gold_dataset" name="test_every_catalog_identity_component_is_drift_checked[image_catalog_sha256]" time="0.036" /><testcase classname="tests.test_evaluation_v5_gold_dataset" name="test_every_catalog_identity_component_is_drift_checked[profile_catalog_sha256]" time="0.036" /><testcase classname="tests.test_evaluation_v5_gold_dataset" name="test_approved_review_requires_complete_provenance[reviewed_by-None-non-blank]" time="0.035" /><testcase classname="tests.test_evaluation_v5_gold_dataset" name="test_approved_review_requires_complete_provenance[reviewed_at_utc-2026-08-24 01:00:00-UTC timestamp]" time="0.034" /><testcase classname="tests.test_evaluation_v5_gold_dataset" name="test_approved_review_requires_complete_provenance[notes-replacement2-non-empty list]" time="0.034" /><testcase classname="tests.test_evaluation_v5_gold_dataset" name="test_lifecycle_freeze_metadata_rules_are_enforced" time="0.101" /><testcase classname="tests.test_evaluation_v5_gold_dataset" name="test_compilation_is_deterministic_traceable_and_representation_independent" time="0.951" /><testcase classname="tests.test_evaluation_v5_gold_dataset" name="test_review_balance_uses_family_not_variant_denominators" time="0.036" /><testcase classname="tests.test_evaluation_v5_gold_dataset" name="test_duplicate_finding_codes_distinguish_scope_and_normalization" time="0.034" /><testcase classname="tests.test_evaluation_v5_gold_dataset" name="test_v4_importer_rejects_unresolved_historical_mapping_atomically" time="0.205" /><testcase classname="tests.test_evaluation_v5_gold_dataset" name="test_v4_importer_populates_only_explicit_or_mechanical_gold" time="0.153" /><testcase classname="tests.test_evaluation_v5_gold_dataset" name="test_confirmatory_realpath_guard_covers_symlinks_and_traversal" time="0.492" /><testcase classname="tests.test_evaluation_v5_gold_dataset" name="test_exclusive_writer_resists_late_destination_creation_and_cleans_temp" time="0.002" /><testcase classname="tests.test_evaluation_v5_gold_dataset" name="test_strict_loader_rejects_additional_adversarial_encodings" time="0.036" /><testcase classname="tests.test_evaluation_v5_gold_dataset" name="test_redaction_safe_paths_never_emit_prompt_sentinel" time="0.294" /><testcase classname="tests.test_evaluation_v5_gold_dataset" name="test_complete_temporary_development_authoring_lifecycle" time="0.637" /><testcase classname="tests.test_evaluation_v5_gold_dataset" name="test_confirmatory_rejects_development_source_split_in_source_datasets" time="0.035" /><testcase classname="tests.test_evaluation_v5_gold_dataset" name="test_confirmatory_rejects_non_confirmatory_classification_in_source_datasets" time="0.134" /><testcase classname="tests.test_evaluation_v5_gold_dataset" name="test_source_datasets_omitted_family_provenance_fails_closed" time="0.034" /><testcase classname="tests.test_evaluation_v5_gold_dataset" name="test_source_datasets_and_family_provenance_disagreement_fails_closed" time="0.099" /><testcase classname="tests.test_evaluation_v5_gold_dataset" name="test_forged_confirmatory_classification_over_non_confirmatory_source_fails_closed" time="0.034" /><testcase classname="tests.test_evaluation_v5_gold_dataset" name="test_legitimate_original_and_derived_confirmatory_datasets_succeed" time="0.258" /><testcase classname="tests.test_evaluation_v5_gold_dataset" name="test_many_families_single_upstream_source_dataset_succeeds" time="0.097" /><testcase classname="tests.test_evaluation_v5_image_functional" name="test_parse_image_digest" time="0.000" /><testcase classname="tests.test_evaluation_v5_image_functional" name="test_validate_approved_image_reference" time="0.002" /><testcase classname="tests.test_evaluation_v5_image_functional" name="test_e5_arbitrary_image_rejected_before_execution" time="0.002" /><testcase classname="tests.test_evaluation_v5_image_functional" name="test_e5_runtime_digest_mismatch_raises_security_error" time="0.002" /><testcase classname="tests.test_evaluation_v5_image_functional" name="test_cuda_probe_without_site_packages_is_unavailable" time="0.023" /><testcase classname="tests.test_evaluation_v5_image_functional" name="test_create_capability_probe" time="0.000" /><testcase classname="tests.test_evaluation_v5_image_functional" name="test_e5_unknown_catalog_capability_fails_closed" time="0.000" /><testcase classname="tests.test_evaluation_v5_image_functional" name="test_build_image_probe_manifest" time="0.002" /><testcase classname="tests.test_evaluation_v5_image_functional" name="test_dry_run_probe_runner" time="0.002" /><testcase classname="tests.test_evaluation_v5_image_functional" name="test_synthetic_probe_runner" time="0.002" /><testcase classname="tests.test_evaluation_v5_image_functional" name="test_live_origin_requires_runtime_factory" time="0.002" /><testcase classname="tests.test_evaluation_v5_image_functional" name="test_e5_missing_local_image_pull_policy_never_no_catalog_mismatch" time="0.002" /><testcase classname="tests.test_evaluation_v5_image_functional" name="test_docker_probe_runner_mocked" time="0.002" /><testcase classname="tests.test_evaluation_v5_image_functional" name="test_kubernetes_probe_runner_mocked" time="0.002" /><testcase classname="tests.test_evaluation_v5_image_functional" name="test_probe_bounds_and_program_allowlist_fail_before_execution" time="0.002" /><testcase classname="tests.test_evaluation_v5_image_functional" name="test_docker_timeout_and_interrupt_always_remove_exact_container" time="0.002" /><testcase classname="tests.test_evaluation_v5_image_functional" name="test_kubernetes_pending_timeout_and_interrupt_delete_exact_pod" time="0.012" /><testcase classname="tests.test_evaluation_v5_image_functional" name="test_kubernetes_terminal_failure_captures_termination_reason" time="0.002" /><testcase classname="tests.test_evaluation_v5_image_functional" name="test_e5_unavailable_recommendation_is_not_executed_not_fail" time="0.002" /><testcase classname="tests.test_evaluation_v5_image_functional" name="test_e5_real_probe_failure_emits_catalog_probe_mismatch" time="0.002" /><testcase classname="tests.test_evaluation_v5_image_functional" name="test_dimension_separation_and_mismatch_detection" time="0.002" /><testcase classname="tests.test_evaluation_v5_image_functional" name="test_e5_dry_run_reports_none_for_empirical_rates" time="0.002" /><testcase classname="tests.test_evaluation_v5_image_functional" name="test_e5_execution_coverage_denominator" time="0.002" /><testcase classname="tests.test_evaluation_v5_image_functional" name="test_e5_functional_success_among_executed_denominator" time="0.002" /><testcase classname="tests.test_evaluation_v5_image_functional" name="test_e5_partial_execution_marks_package_incomplete" time="0.603" /><testcase classname="tests.test_evaluation_v5_image_functional" name="test_e5_fake_full_execution_cannot_be_relabelled_observed" time="0.240" /><testcase classname="tests.test_evaluation_v5_image_functional" name="test_e5_validate_evidence_recomputes_and_validates" time="0.269" /><testcase classname="tests.test_evaluation_v5_image_functional" name="test_end_to_end_cli_dry_run" time="0.228" /><testcase classname="tests.test_evaluation_v5_image_functional" name="test_end_to_end_with_verified_recommendation_run" time="0.231" /><testcase classname="tests.test_evaluation_v5_image_functional" name="test_e5_rejects_wrong_or_stale_source_run_before_execution" time="0.097" /><testcase classname="tests.test_evaluation_v5_image_functional" name="test_e5_validator_rejects_provenance_tampering[source-record-source recommendation snapshot checksum]" time="0.229" /><testcase classname="tests.test_evaluation_v5_image_functional" name="test_e5_validator_rejects_provenance_tampering[source-image-record/image mismatches]" time="0.236" /><testcase classname="tests.test_evaluation_v5_image_functional" name="test_e5_validator_rejects_provenance_tampering[configuration-does not derive from source recommendation provenance]" time="0.246" /><testcase classname="tests.test_evaluation_v5_image_functional" name="test_e5_validator_rejects_provenance_tampering[record-id-do not join one-to-one]" time="0.314" /><testcase classname="tests.test_evaluation_v5_image_functional" name="test_e5_validator_rejects_provenance_tampering[selected-digest-selected image digest mismatches]" time="0.299" /><testcase classname="tests.test_evaluation_v5_image_functional" name="test_archived_e5_cannot_be_forged_into_current_evidence" time="0.006" /><testcase classname="tests.test_evaluation_v5_image_functional" name="test_e5_rapids_unsupported_workload_semantics" time="0.003" /><testcase classname="tests.test_evaluation_v5_image_functional" name="test_e5_no_image_recommendation_semantics" time="0.002" /><testcase classname="tests.test_evaluation_v5_image_functional" name="test_e5_explicit_denominators_mixed_workload" time="0.002" /><testcase classname="tests.test_evaluation_v5_image_functional" name="test_e5_null_source_recommendation_remains_no_image_recommendation" time="0.000" /><testcase classname="tests.test_evaluation_v5_image_functional" name="test_e5_raises_error_if_synthesis_attempted_from_null" time="0.000" /><testcase classname="tests.test_evaluation_v5_image_functional" name="test_e5_canonical_image_id_preserves_both_source_and_normalized_values" time="0.000" /><testcase classname="tests.test_evaluation_v5_image_functional" name="test_e5_same_recommendation_input_yields_deterministic_classification" time="0.004" /><testcase classname="tests.test_evaluation_v5_image_functional" name="test_e5_legacy_package_not_mistaken_for_current_v12_valid" time="0.005" /><testcase classname="tests.test_evaluation_v5_image_functional" name="test_e5_legacy_v12_package_validates_under_legacy_profile" time="0.002" /><testcase classname="tests.test_evaluation_v5_image_functional" name="test_e5_dimension_a_appears_independently_in_report_and_metrics" time="0.000" /><testcase classname="tests.test_evaluation_v5_image_functional" name="test_e5_abc_counts_recompute_exactly_from_raw_records" time="0.000" /><testcase classname="tests.test_evaluation_v5_image_functional" name="test_e5_dimension_b_exact_recomputability_invariant" time="0.002" /><testcase classname="tests.test_evaluation_v5_image_functional" name="test_e5_catalog_underclaim_is_not_container_execution_failure" time="0.002" /><testcase classname="tests.test_evaluation_v5_image_functional" name="test_e5_target_case_threshold_below_vi_underclaim_functional_pass" time="0.002" /><testcase classname="tests.test_evaluation_v5_image_functional" name="test_e5_rapids_no_exact_probe_not_executed" time="0.002" /><testcase classname="tests.test_evaluation_v5_image_functional" name="test_e5_p1_pandas_no_silent_data_science_substitution" time="0.002" /><testcase classname="tests.test_evaluation_v5_image_functional" name="test_e5_exact_probe_failure_yields_c_fail" time="0.002" /><testcase classname="tests.test_evaluation_v5_image_functional" name="test_e5_runtime_unavailable_distinct_from_missing_probe" time="0.002" /><testcase classname="tests.test_evaluation_v5_image_functional" name="test_e5_operational_adequacy_requires_both_b_and_c" time="0.002" /><testcase classname="tests.test_evaluation_v5_image_functional" name="test_e5_deterministic_raw_to_derived_recomputation" time="0.002" /><testcase classname="tests.test_evaluation_v5_image_functional" name="test_e5_archived_v13_package_is_valid_with_provenance_limitations" time="0.001" /><testcase classname="tests.test_evaluation_v5_image_functional" name="test_e5_r7_validator_detects_derived_metrics_disagreement" time="0.016" /><testcase classname="tests.test_evaluation_v5_image_storage" name="test_completely_disjoint_images" time="0.002" /><testcase classname="tests.test_evaluation_v5_image_storage" name="test_completely_shared_layer_sets" time="0.002" /><testcase classname="tests.test_evaluation_v5_image_storage" name="test_partial_layer_overlap" time="0.002" /><testcase classname="tests.test_evaluation_v5_image_storage" name="test_duplicate_digest_within_same_image" time="0.002" /><testcase classname="tests.test_evaluation_v5_image_storage" name="test_ordered_layer_preservation" time="0.002" /><testcase classname="tests.test_evaluation_v5_image_storage" name="test_marginal_unique_bytes_computation" time="0.002" /><testcase classname="tests.test_evaluation_v5_image_storage" name="test_pairwise_shared_count_and_bytes" time="0.002" /><testcase classname="tests.test_evaluation_v5_image_storage" name="test_pairwise_matrix_symmetry_and_diagonal" time="0.002" /><testcase classname="tests.test_evaluation_v5_image_storage" name="test_compressed_uncompressed_domain_separation" time="0.000" /><testcase classname="tests.test_evaluation_v5_image_storage" name="test_missing_layer_size_fails_closed" time="0.002" /><testcase classname="tests.test_evaluation_v5_image_storage" name="test_inaccessible_manifest_fails_closed" time="0.002" /><testcase classname="tests.test_evaluation_v5_image_storage" name="test_deterministic_catalog_ordering" time="0.002" /><testcase classname="tests.test_evaluation_v5_image_storage" name="test_arbitrary_configured_catalog_sizes" time="0.002" /><testcase classname="tests.test_evaluation_v5_image_storage" name="test_no_automatic_production_catalog_mutation" time="1.239" /><testcase classname="tests.test_evaluation_v5_image_storage" name="test_provenance_and_immutable_digest_pinning" time="1.031" /><testcase classname="tests.test_evaluation_v5_image_storage" name="test_recommendation_scale_aggregation" time="0.115" /><testcase classname="tests.test_evaluation_v5_image_storage" name="test_missing_p2_evaluation_at_catalog_scale" time="0.002" /><testcase classname="tests.test_evaluation_v5_image_storage" name="test_figure_generation_from_evidence" time="0.937" /><testcase classname="tests.test_evaluation_v5_image_storage" name="test_validator_rejection_of_fabricated_evidence" time="0.961" /><testcase classname="tests.test_evaluation_v5_image_storage" name="test_claim_eligibility_partial_vs_full" time="1.017" /><testcase classname="tests.test_evaluation_v5_image_storage" name="test_claim_eligibility_when_full_multiscale_exists" time="0.941" /><testcase classname="tests.test_evaluation_v5_image_storage" name="test_docker_manifest_storage_runner_inspect" time="14.371" /><testcase classname="tests.test_evaluation_v5_image_storage" name="test_stage_development_selects_development_split" time="0.138" /><testcase classname="tests.test_evaluation_v5_image_storage" name="test_stage_confirmatory_requires_confirmatory_split" time="0.002" /><testcase classname="tests.test_evaluation_v5_image_storage" name="test_confirmatory_cannot_silently_fallback" time="0.002" /><testcase classname="tests.test_evaluation_v5_image_storage" name="test_validator_rejects_confirmatory_rec_backed_by_dev_split" time="0.902" /><testcase classname="tests.test_evaluation_v5_image_storage" name="test_dataset_identity_and_hash_persisted" time="0.866" /><testcase classname="tests.test_evaluation_v5_image_storage" name="test_digest_pinned_requested_reference_passes_immutable_gate" time="0.000" /><testcase classname="tests.test_evaluation_v5_image_storage" name="test_mutable_tag_requested_reference_fails_confirmatory_gate" time="0.000" /><testcase classname="tests.test_evaluation_v5_image_storage" name="test_resolved_digest_alone_does_not_make_reference_immutable" time="0.000" /><testcase classname="tests.test_evaluation_v5_image_storage" name="test_mixed_immutable_mutable_catalog_fails_confirmatory_gate" time="0.000" /><testcase classname="tests.test_evaluation_v5_image_storage" name="test_development_runs_may_inspect_mutable_inputs_with_warning" time="0.000" /><testcase classname="tests.test_evaluation_v5_image_storage" name="test_claim_eligibility_changes_based_on_split_validity" time="0.944" /><testcase classname="tests.test_evaluation_v5_image_storage" name="test_claim_eligibility_changes_based_on_immutable_input_validity" time="1.006" /><testcase classname="tests.test_evaluation_v5_image_storage" name="test_single_image_with_all_unique_layer_digests" time="0.000" /><testcase classname="tests.test_evaluation_v5_image_storage" name="test_single_image_with_repeated_layer_digest" time="0.000" /><testcase classname="tests.test_evaluation_v5_image_storage" name="test_pairwise_matrix_with_duplicate_descriptors" time="0.000" /><testcase classname="tests.test_evaluation_v5_image_storage" name="test_not_executed_p2_record_cannot_contain_accuracy_metrics" time="0.993" /><testcase classname="tests.test_evaluation_v5_image_storage" name="test_not_executed_p2_record_cannot_contain_latency_metrics" time="0.960" /><testcase classname="tests.test_evaluation_v5_image_storage" name="test_figure_d_with_zero_confirmatory_recommendation_observations" time="0.873" /><testcase classname="tests.test_evaluation_v5_image_storage" name="test_figure_e_with_zero_confirmatory_recommendation_observations" time="0.842" /><testcase classname="tests.test_evaluation_v5_image_storage" name="test_development_recommendation_observation_distinct_from_confirmatory" time="0.626" /><testcase classname="tests.test_evaluation_v5_image_storage" name="test_figure_generation_consumes_only_supplied_records" time="0.848" /><testcase classname="tests.test_evaluation_v5_image_storage" name="test_report_does_not_call_deterministic_storage_statistically_confirmed" time="0.947" /><testcase classname="tests.test_evaluation_v5_image_storage" name="test_synthetic_confirmatory_cannot_be_promoted_by_caller_flags" time="1.043" /><testcase classname="tests.test_evaluation_v5_image_storage" name="test_validator_rejects_runtime_label_spoofing_collector_origin" time="0.908" /><testcase classname="tests.test_evaluation_v5_image_storage" name="test_validator_rejects_forged_real_origin_without_raw_registry_evidence" time="0.926" /><testcase classname="tests.test_evaluation_v5_image_storage" name="test_validator_rejects_fabricated_layer_digest_and_size" time="0.945" /><testcase classname="tests.test_evaluation_v5_image_storage" name="test_catalog_scale_scores_canonical_v2_one_case_scipy_fixture" time="0.034" /><testcase classname="tests.test_evaluation_v5_image_storage" name="test_catalog_scale_collapses_variants_to_workload_family" time="0.035" /><testcase classname="tests.test_evaluation_v5_image_storage" name="test_catalog_scale_rejects_missing_canonical_v2_acceptable_gold" time="0.034" /><testcase classname="tests.test_evaluation_v5_isolation" name="test_tracked_development_bundle_is_exactly_the_selected_visible_material" time="0.070" /><testcase classname="tests.test_evaluation_v5_isolation" name="test_split_schema_rejects_checksum_counts_family_list_and_duplicate_ids" time="0.001" /><testcase classname="tests.test_evaluation_v5_isolation" name="test_split_schema_rejects_invalid_or_noncanonical_fields[missing_case_field]" time="0.000" /><testcase classname="tests.test_evaluation_v5_isolation" name="test_split_schema_rejects_invalid_or_noncanonical_fields[extra_case_field]" time="0.000" /><testcase classname="tests.test_evaluation_v5_isolation" name="test_split_schema_rejects_invalid_or_noncanonical_fields[invalid_role]" time="0.000" /><testcase classname="tests.test_evaluation_v5_isolation" name="test_split_schema_rejects_invalid_or_noncanonical_fields[invalid_timestamp]" time="0.000" /><testcase classname="tests.test_evaluation_v5_isolation" name="test_split_schema_rejects_invalid_or_noncanonical_fields[invalid_language]" time="0.000" /><testcase classname="tests.test_evaluation_v5_isolation" name="test_split_schema_rejects_invalid_or_noncanonical_fields[unknown_profile]" time="0.000" /><testcase classname="tests.test_evaluation_v5_isolation" name="test_split_schema_rejects_invalid_or_noncanonical_fields[invalid_expected_extraction]" time="0.001" /><testcase classname="tests.test_evaluation_v5_isolation" name="test_split_schema_rejects_invalid_or_noncanonical_fields[unsafe_provenance_id]" time="0.000" /><testcase classname="tests.test_evaluation_v5_isolation" name="test_split_schema_rejects_invalid_or_noncanonical_fields[invalid_original_provenance]" time="0.001" /><testcase classname="tests.test_evaluation_v5_isolation" name="test_split_schema_rejects_non_json_keys_and_recursive_provenance_safely" time="0.000" /><testcase classname="tests.test_evaluation_v5_isolation" name="test_canonical_checksum_is_reproducible_and_preserves_semantic_order" time="0.004" /><testcase classname="tests.test_evaluation_v5_isolation" name="test_default_development_preflight_is_not_executed[development]" time="0.021" /><testcase classname="tests.test_evaluation_v5_isolation" name="test_default_development_preflight_is_not_executed[v5-development]" time="0.021" /><testcase classname="tests.test_evaluation_v5_isolation" name="test_development_command_cannot_touch_confirmatory_source[cli]" time="0.001" /><testcase classname="tests.test_evaluation_v5_isolation" name="test_development_command_cannot_touch_confirmatory_source[environment]" time="0.001" /><testcase classname="tests.test_evaluation_v5_isolation" name="test_planted_confirmatory_file_is_not_discovered_by_development_or_indexes" time="0.155" /><testcase classname="tests.test_evaluation_v5_isolation" name="test_confirmation_without_freeze_fails_before_dataset_open" time="0.001" /><testcase classname="tests.test_evaluation_v5_isolation" name="test_confirmatory_sources_are_explicit_and_unambiguous" time="0.001" /><testcase classname="tests.test_evaluation_v5_isolation" name="test_public_cli_confirmation_fails_closed_without_external_inputs" time="0.001" /><testcase classname="tests.test_evaluation_v5_isolation" name="test_public_cli_cannot_use_a_repository_bundled_dataset" time="0.196" /><testcase classname="tests.test_evaluation_v5_isolation" name="test_in_repository_and_symlink_resolved_paths_are_rejected" time="0.002" /><testcase classname="tests.test_evaluation_v5_isolation" name="test_ancestor_symlink_swap_between_resolution_and_open_fails_closed" time="0.197" /><testcase classname="tests.test_evaluation_v5_isolation" name="test_confirmatory_loader_rejects_wrong_role_id_or_checksum[role-role mismatch]" time="0.197" /><testcase classname="tests.test_evaluation_v5_isolation" name="test_confirmatory_loader_rejects_wrong_role_id_or_checksum[split_id-split ID mismatch]" time="0.197" /><testcase classname="tests.test_evaluation_v5_isolation" name="test_confirmatory_loader_rejects_wrong_role_id_or_checksum[checksum-checksum]" time="0.216" /><testcase classname="tests.test_evaluation_v5_isolation" name="test_confirmatory_loader_accepts_an_explicit_future_safe_split_id" time="0.199" /><testcase classname="tests.test_evaluation_v5_isolation" name="test_constructed_confirmatory_loaded_split_cannot_authorize_runner" time="0.001" /><testcase classname="tests.test_evaluation_v5_isolation" name="test_dataclasses_replace_development_to_confirmatory_cannot_authorize_runner" time="0.022" /><testcase classname="tests.test_evaluation_v5_isolation" name="test_arbitrary_freeze_identity_string_cannot_authorize_runner" time="0.022" /><testcase classname="tests.test_evaluation_v5_isolation" name="test_confirmatory_bundle_is_opened_once_and_hashes_the_parsed_bytes" time="0.198" /><testcase classname="tests.test_evaluation_v5_isolation" name="test_invalid_similarity_option_is_rejected_before_freeze_or_sealed_access" time="0.001" /><testcase classname="tests.test_evaluation_v5_isolation" name="test_contamination_blockers[case-case_id_overlap]" time="0.023" /><testcase classname="tests.test_evaluation_v5_isolation" name="test_contamination_blockers[family-family_id_overlap]" time="0.023" /><testcase classname="tests.test_evaluation_v5_isolation" name="test_contamination_blockers[exact-exact_prompt_duplicate]" time="0.084" /><testcase classname="tests.test_evaluation_v5_isolation" name="test_contamination_blockers[normalized-normalized_prompt_duplicate]" time="0.024" /><testcase classname="tests.test_evaluation_v5_isolation" name="test_high_textual_similarity_is_safe_review_not_rejection" time="0.026" /><testcase classname="tests.test_evaluation_v5_isolation" name="test_contamination_intersections_are_symmetric_after_supply" time="0.203" /><testcase classname="tests.test_evaluation_v5_isolation" name="test_normalized_duplicate_check_preserves_semantic_symbols" time="0.000" /><testcase classname="tests.test_evaluation_v5_isolation" name="test_production_freeze_is_complete_immutable_and_contains_no_sealed_data" time="0.251" /><testcase classname="tests.test_evaluation_v5_isolation" name="test_design_snapshot_is_typed_but_never_a_production_freeze" time="0.043" /><testcase classname="tests.test_evaluation_v5_isolation" name="test_modified_production_freeze_fails_source_reverification" time="0.176" /><testcase classname="tests.test_evaluation_v5_isolation" name="test_verified_confirmatory_preparation_and_runner_reverification_succeed" time="0.514" /><testcase classname="tests.test_evaluation_v5_isolation" name="test_confirmatory_runner_rejects_adapter_injection_and_configuration_copy_drift" time="0.403" /><testcase classname="tests.test_evaluation_v5_isolation" name="test_production_freeze_rejects_effective_environment_configuration_drift[P2_TOP_K-7-8-snapshot_path0]" time="0.177" /><testcase classname="tests.test_evaluation_v5_isolation" name="test_production_freeze_rejects_effective_environment_configuration_drift[P3_TOTAL_TIMEOUT-41-42-snapshot_path1]" time="0.176" /><testcase classname="tests.test_evaluation_v5_isolation" name="test_production_freeze_rejects_effective_environment_configuration_drift[EXTERNAL_LLM_MODEL-frozen-model-drifted-model-snapshot_path2]" time="0.177" /><testcase classname="tests.test_evaluation_v5_isolation" name="test_freeze_captures_nonsecret_effective_provider_configuration[EXTERNAL_LLM_ENDPOINT-https://drifted-provider.example/v1]" time="0.207" /><testcase classname="tests.test_evaluation_v5_isolation" name="test_freeze_captures_nonsecret_effective_provider_configuration[EXTERNAL_LLM_TIMEOUT-12]" time="0.194" /><testcase classname="tests.test_evaluation_v5_isolation" name="test_freeze_captures_nonsecret_effective_provider_configuration[EXTERNAL_LLM_MAX_RETRIES-3]" time="0.188" /><testcase classname="tests.test_evaluation_v5_isolation" name="test_freeze_captures_nonsecret_effective_provider_configuration[EXTERNAL_LLM_PROMPT_PRICE_PER_M-0.3]" time="0.188" /><testcase classname="tests.test_evaluation_v5_isolation" name="test_freeze_captures_nonsecret_effective_provider_configuration[EXTERNAL_LLM_PRICING_SOURCE-changed-source-provenance]" time="0.187" /><testcase classname="tests.test_evaluation_v5_isolation" name="test_freeze_never_opens_external_file_backed_provider_configuration" time="0.046" /><testcase classname="tests.test_evaluation_v5_isolation" name="test_relative_pricing_path_is_bound_to_validated_repository_file" time="0.001" /><testcase classname="tests.test_evaluation_v5_isolation" name="test_provider_drift_fails_before_confirmatory_bundle_open" time="0.187" /><testcase classname="tests.test_evaluation_v5_isolation" name="test_untracked_private_provider_file_is_rejected_before_content_read" time="0.015" /><testcase classname="tests.test_evaluation_v5_isolation" name="test_freeze_verification_never_hashes_external_gate_evidence" time="0.179" /><testcase classname="tests.test_evaluation_v5_isolation" name="test_gate_evidence_symlink_cannot_escape_repository" time="0.001" /><testcase classname="tests.test_evaluation_v5_isolation" name="test_freeze_artifact_read_errors_are_generic_and_basename_is_canonical" time="0.001" /><testcase classname="tests.test_evaluation_v5_isolation" name="test_external_canonical_freeze_is_rejected_before_content_read[False]" time="0.001" /><testcase classname="tests.test_evaluation_v5_isolation" name="test_external_canonical_freeze_is_rejected_before_content_read[True]" time="0.001" /><testcase classname="tests.test_evaluation_v5_isolation" name="test_freeze_creation_rejects_non_authoritative_output_root_before_snapshot" time="0.001" /><testcase classname="tests.test_evaluation_v5_isolation" name="test_production_freeze_rejects_dirty_worktree_and_configured_sealed_data" time="0.000" /><testcase classname="tests.test_evaluation_v5_isolation" name="test_dry_run_and_stale_or_wrong_development_checksum_freezes_are_rejected" time="0.300" /><testcase classname="tests.test_evaluation_v5_isolation" name="test_modifying_development_dataset_after_freeze_invalidates_freeze" time="0.213" /><testcase classname="tests.test_evaluation_v5_isolation" name="test_catalog_content_and_every_index_identity_are_freeze_bound" time="0.230" /><testcase classname="tests.test_evaluation_v5_isolation" name="test_prompt_identity_drift_invalidates_freeze" time="0.174" /><testcase classname="tests.test_evaluation_v5_isolation" name="test_loading_synthetic_confirmation_does_not_change_candidate_indexes" time="0.439" /><testcase classname="tests.test_evaluation_v5_isolation" name="test_isolation_audit_detects_synthetic_wheel_without_disclosing_content" time="0.004" /><testcase classname="tests.test_evaluation_v5_isolation" name="test_isolation_audit_detects_planted_material_in_protected_locations[benchmarks_v5/sealed/v5-confirmatory.yaml]" time="0.003" /><testcase classname="tests.test_evaluation_v5_isolation" name="test_isolation_audit_detects_planted_material_in_protected_locations[tests/fixtures/protocol-v5-private.yaml]" time="0.003" /><testcase classname="tests.test_evaluation_v5_isolation" name="test_isolation_audit_detects_planted_material_in_protected_locations[evaluation_v5/cache/cached-split.yaml]" time="0.003" /><testcase classname="tests.test_evaluation_v5_isolation" name="test_isolation_audit_detects_planted_material_in_protected_locations[evaluation_v5/indexes/dataset-derived-index.yaml]" time="0.003" /><testcase classname="tests.test_evaluation_v5_isolation" name="test_isolation_audit_detects_planted_material_in_protected_locations[results_v5/protocol-v5.0.0/raw/sealed-labels.yaml]" time="0.003" /><testcase classname="tests.test_evaluation_v5_isolation" name="test_isolation_audit_detects_docker_context_and_opaque_oci_layer" time="0.006" /><testcase classname="tests.test_evaluation_v5_isolation" name="test_isolation_audit_parses_confirmatory_role_across_json_lines" time="0.003" /><testcase classname="tests.test_evaluation_v5_isolation" name="test_isolation_audit_detects_bundle_renamed_as_text" time="0.003" /><testcase classname="tests.test_evaluation_v5_isolation" name="test_isolation_audit_detects_bundle_wrapped_in_text[markdown_fence]" time="0.003" /><testcase classname="tests.test_evaluation_v5_isolation" name="test_isolation_audit_detects_bundle_wrapped_in_text[plain_prefix]" time="0.003" /><testcase classname="tests.test_evaluation_v5_isolation" name="test_isolation_audit_detects_bundle_wrapped_in_text[quoted_yaml_prefix]" time="0.003" /><testcase classname="tests.test_evaluation_v5_isolation" name="test_isolation_audit_detects_bundle_wrapped_in_text[flow_yaml_prefix]" time="0.003" /><testcase classname="tests.test_evaluation_v5_isolation" name="test_isolation_audit_detects_bundle_wrapped_in_text[json_wrapper]" time="0.002" /><testcase classname="tests.test_evaluation_v5_isolation" name="test_isolation_audit_does_not_flag_schema_code_or_prose_mentions" time="0.002" /><testcase classname="tests.test_evaluation_v5_isolation" name="test_isolation_audit_parses_python_literals_without_joining_fixture_fragments" time="0.001" /><testcase classname="tests.test_evaluation_v5_isolation" name="test_isolation_audit_still_detects_complete_python_literal_bundle" time="0.001" /><testcase classname="tests.test_evaluation_v5_isolation" name="test_isolation_audit_detects_complete_concatenated_python_literal" time="0.001" /><testcase classname="tests.test_evaluation_v5_isolation" name="test_isolation_audit_streams_past_large_unknown_file_prefix" time="0.002" /><testcase classname="tests.test_evaluation_v5_isolation" name="test_isolation_audit_streams_oversized_archive_member_past_prefix" time="0.002" /><testcase classname="tests.test_evaluation_v5_isolation" name="test_isolation_audit_rejects_external_directory_symlink_without_path_leak" time="0.002" /><testcase classname="tests.test_evaluation_v5_isolation" name="test_isolation_audit_recurses_into_nested_archive_without_name_leak" time="0.003" /><testcase classname="tests.test_evaluation_v5_isolation" name="test_isolation_audit_content_sniffs_opaque_nested_archives[zip]" time="0.003" /><testcase classname="tests.test_evaluation_v5_isolation" name="test_isolation_audit_content_sniffs_opaque_nested_archives[tar]" time="0.004" /><testcase classname="tests.test_evaluation_v5_isolation" name="test_isolation_audit_content_sniffs_opaque_top_level_archives[zip]" time="0.003" /><testcase classname="tests.test_evaluation_v5_isolation" name="test_isolation_audit_content_sniffs_opaque_top_level_archives[tar]" time="0.004" /><testcase classname="tests.test_evaluation_v5_isolation" name="test_isolation_audit_fails_closed_at_archive_nesting_limit" time="0.001" /><testcase classname="tests.test_evaluation_v5_isolation" name="test_docker_and_runtime_packages_are_allowlisted_away_from_v5_data" time="0.004" /><testcase classname="tests.test_evaluation_v5_offline_runner" name="test_resume_does_not_rerun_completed_rows" time="0.157" /><testcase classname="tests.test_evaluation_v5_offline_runner" name="test_duplicate_raw_rows_are_rejected_on_resume" time="0.134" /><testcase classname="tests.test_evaluation_v5_offline_runner" name="test_resume_recovers_after_interrupt_and_unterminated_tail" time="0.130" /><testcase classname="tests.test_evaluation_v5_offline_runner" name="test_provenance_mismatch_refuses_to_mix_evidence" time="0.129" /><testcase classname="tests.test_evaluation_v5_offline_runner" name="test_deterministic_adapters_are_not_repeated" time="0.022" /><testcase classname="tests.test_evaluation_v5_offline_runner" name="test_p3_enablement_requires_verified_retained_gate" time="0.023" /><testcase classname="tests.test_evaluation_v5_offline_runner" name="test_fallback_label_and_complete_ranking_trace_are_preserved" time="0.102" /><testcase classname="tests.test_evaluation_v5_offline_runner" name="test_dry_run_creates_no_evidence_and_never_calls_adapter" time="0.074" /><testcase classname="tests.test_evaluation_v5_offline_runner" name="test_b0_is_rejected_as_manual_only" time="0.025" /><testcase classname="tests.test_evaluation_v5_offline_runner" name="test_p3_requires_explicit_enablement" time="0.023" /><testcase classname="tests.test_evaluation_v5_offline_runner" name="test_production_p1_and_p2_preserve_system_specific_contracts" time="0.244" /><testcase classname="tests.test_evaluation_v5_offline_runner" name="test_secret_bearing_configuration_is_rejected_before_writes" time="0.023" /><testcase classname="tests.test_evaluation_v5_offline_runner" name="test_adapter_failure_is_a_complete_safe_evidence_row" time="0.086" /><testcase classname="tests.test_evaluation_v5_offline_runner" name="test_resume_rejects_durable_malformed_jsonl_line" time="0.117" /><testcase classname="tests.test_evaluation_v5_offline_validator" name="test_validator_accepts_complete_production_p1_p2_evidence" time="0.294" /><testcase classname="tests.test_evaluation_v5_offline_validator" name="test_validator_accepts_complete_failure_rows" time="0.115" /><testcase classname="tests.test_evaluation_v5_offline_validator" name="test_validator_rejects_duplicate_logical_row" time="0.069" /><testcase classname="tests.test_evaluation_v5_offline_validator" name="test_validator_rejects_missing_expected_row" time="0.065" /><testcase classname="tests.test_evaluation_v5_offline_validator" name="test_validator_rejects_record_provenance_mismatch" time="0.065" /><testcase classname="tests.test_evaluation_v5_offline_validator" name="test_validator_rejects_malformed_jsonl" time="0.056" /><testcase classname="tests.test_evaluation_v5_offline_validator" name="test_validator_rejects_truncated_jsonl" time="0.026" /><testcase classname="tests.test_evaluation_v5_offline_validator" name="test_validator_rejects_invalid_candidate_id" time="0.065" /><testcase classname="tests.test_evaluation_v5_offline_validator" name="test_validator_rejects_incomplete_p2_trace" time="0.066" /><testcase classname="tests.test_evaluation_v5_offline_validator" name="test_validator_rejects_wrong_dataset_checksum" time="0.021" /><testcase classname="tests.test_evaluation_v5_offline_validator" name="test_validator_rejects_mismatched_case_input_checksum" time="0.065" /><testcase classname="tests.test_evaluation_v5_reporting" name="test_generate_offline_report_creates_all_8_outputs" time="1.418" /><testcase classname="tests.test_evaluation_v5_reporting" name="test_svg_figures_valid_xml" time="1.340" /><testcase classname="tests.test_evaluation_v5_reporting" name="test_p3_development_gate_isolation_confirmatory" time="0.001" /><testcase classname="tests.test_evaluation_v5_reporting" name="test_p3_development_gate_with_freeze_identity" time="0.000" /><testcase classname="tests.test_evaluation_v5_reporting" name="test_p3_mandatory_adversarial_isolation" time="0.001" /><testcase classname="tests.test_evaluation_v5_reporting" name="test_p3_development_gate_decisions" time="0.000" /><testcase classname="tests.test_evaluation_v5_reporting" name="test_provenance_mismatch_rejection" time="0.134" /><testcase classname="tests.test_evaluation_v5_reporting" name="test_split_mismatch_rejection" time="0.196" /><testcase classname="tests.test_evaluation_v5_reporting" name="test_deterministic_reproducible_outputs" time="2.587" /><testcase classname="tests.test_evaluation_v5_reporting" name="test_missing_evidence_limitations_block" time="2.611" /><testcase classname="tests.test_evaluation_v5_reporting" name="test_protocol_v4_protection" time="0.099" /><testcase classname="tests.test_evaluation_v5_reporting" name="test_statistical_prose_hardening_adversarial" time="0.001" /><testcase classname="tests.test_evaluation_v5_reporting" name="test_robustness_aggregation_semantics_asymmetric" time="0.001" /><testcase classname="tests.test_evaluation_v5_reporting" name="test_error_taxonomy_explicit_denominators" time="0.000" /><testcase classname="tests.test_evaluation_v5_reporting" name="test_paired_family_eligibility" time="0.000" /><testcase classname="tests.test_evaluation_v5_reporting" name="test_not_executed_report" time="0.016" /><testcase classname="tests.test_evaluation_v5_reporting" name="test_main_cli_status_only" time="0.015" /><testcase classname="tests.test_evaluation_v5_reporting" name="test_exclusive_directory_creation_refuses_overwrite" time="1.402" /><testcase classname="tests.test_evaluation_v5_reporting" name="test_retrieval_ablation_labels_and_formatting" time="1.383" /><testcase classname="tests.test_evaluation_v5_reporting" name="test_main_cli_end_to_end" time="0.299" /><testcase classname="tests.test_evaluation_v5_robustness" name="test_canonical_reference_excluded_from_srr_and_wcfr" time="0.000" /><testcase classname="tests.test_evaluation_v5_robustness" name="test_only_reviewed_equivalent_perturbations_enter_srr_wcfr" time="0.000" /><testcase classname="tests.test_evaluation_v5_robustness" name="test_v1_grouping_prompt_text_alteration_invariance" time="0.022" /><testcase classname="tests.test_evaluation_v5_robustness" name="test_v1_grouping_semantic_similarity_isolation" time="0.022" /><testcase classname="tests.test_evaluation_v5_robustness" name="test_v1_grouping_recommender_prediction_independence" time="0.041" /><testcase classname="tests.test_evaluation_v5_robustness" name="test_review_trust_boundary_a_changed_text" time="0.000" /><testcase classname="tests.test_evaluation_v5_robustness" name="test_review_trust_boundary_b_changed_gold" time="0.000" /><testcase classname="tests.test_evaluation_v5_robustness" name="test_review_trust_boundary_c_changed_canonical" time="0.000" /><testcase classname="tests.test_evaluation_v5_robustness" name="test_review_trust_boundary_d_changed_perturbation_class" time="0.000" /><testcase classname="tests.test_evaluation_v5_robustness" name="test_review_trust_boundary_e_unchanged_semantic_dataset" time="0.000" /><testcase classname="tests.test_evaluation_v5_robustness" name="test_generator_provenance_complete" time="0.000" /><testcase classname="tests.test_evaluation_v5_robustness" name="test_generator_refuses_confirmatory_datasets" time="0.000" /><testcase classname="tests.test_evaluation_v5_robustness" name="test_negative_control_non_equivalent_metrics" time="0.000" /><testcase classname="tests.test_evaluation_v5_robustness" name="test_controlled_ambiguity_metrics_and_separation" time="0.000" /><testcase classname="tests.test_evaluation_v5_robustness" name="test_four_quadrant_transition_matrix" time="0.000" /><testcase classname="tests.test_evaluation_v5_robustness" name="test_csv_formula_injection_defense_closure" time="0.000" /><testcase classname="tests.test_evaluation_v5_robustness" name="test_redaction_safety_closure" time="0.000" /><testcase classname="tests.test_evaluation_v5_robustness" name="test_complete_synthetic_e2_development_lifecycle" time="0.003" /><testcase classname="tests.test_evaluation_v5_robustness" name="test_cli_summary" time="0.043" /><testcase classname="tests.test_evaluation_v5_robustness" name="test_cli_review_markdown" time="0.043" /><testcase classname="tests.test_evaluation_v5_robustness" name="test_perturbation_class_normalization" time="0.000" /><testcase classname="tests.test_evaluation_v5_robustness" name="test_to_gold_variant_class_mapping" time="0.000" /><testcase classname="tests.test_evaluation_v5_robustness" name="test_variant_metadata_roundtrip" time="0.000" /><testcase classname="tests.test_evaluation_v5_robustness" name="test_family_structural_invariants" time="0.000" /><testcase classname="tests.test_evaluation_v5_robustness" name="test_dataset_structural_invariants" time="0.000" /><testcase classname="tests.test_evaluation_v5_robustness" name="test_load_robustness_dataset_from_dev_split" time="0.042" /><testcase classname="tests.test_evaluation_v5_robustness" name="test_draft_generator_stamps_generated_draft" time="0.000" /><testcase classname="tests.test_evaluation_v5_robustness" name="test_generate_family_drafts_covers_classes" time="0.000" /><testcase classname="tests.test_evaluation_v5_robustness" name="test_export_equivalence_review_formats" time="0.000" /><testcase classname="tests.test_evaluation_v5_robustness" name="test_invalid_review_decisions_rejection" time="0.000" /><testcase classname="tests.test_evaluation_v5_robustness" name="test_srr_micro_vs_macro_weighting_fixture" time="0.000" /><testcase classname="tests.test_evaluation_v5_robustness" name="test_evaluate_robustness_pairs_preservation" time="0.000" /><testcase classname="tests.test_evaluation_v5_robustness" name="test_deterministic_evaluation_reordering_invariance" time="0.000" /><testcase classname="tests.test_evaluation_v5_robustness" name="test_robustness_family_role_and_classification_integrity" time="0.000" /><testcase classname="tests.test_evaluation_v5_robustness" name="test_validate_robustness_dataset_role_isolation" time="0.000" /><testcase classname="tests.test_evaluation_v5_robustness" name="test_loader_propagates_role_and_classification" time="0.041" /><testcase classname="tests.test_evaluation_v5_robustness" name="test_generator_unconditionally_rejects_confirmatory_families" time="0.000" /><testcase classname="tests.test_evaluation_v5_robustness" name="test_cli_draft_refuses_confirmatory_input" time="0.007" /><testcase classname="tests.test_evaluation_v5_robustness" name="test_cli_draft_fail_closed_existing_output" time="0.004" /><testcase classname="tests.test_evaluation_v5_robustness" name="test_cli_draft_deterministic_and_provenance" time="0.060" /><testcase classname="tests.test_evaluation_v5_robustness" name="test_canonical_checksum_binds_trust_and_provenance_state" time="0.042" /><testcase classname="tests.test_evaluation_v5_robustness" name="test_stale_review_attack_fails_closed_on_trust_mutation" time="0.043" /><testcase classname="tests.test_evaluation_v5_robustness" name="test_multi_decision_batch_against_single_source_snapshot" time="0.043" /><testcase classname="tests.test_evaluation_v5_robustness" name="test_cli_format_mismatch_and_authoritative_enforcement" time="0.341" /><testcase classname="tests.test_evaluation_v5_robustness" name="test_end_to_end_review_to_development_compile_path" time="0.463" /><testcase classname="tests.test_evaluation_v5_statistics" name="test_known_paired_methods_holm_effects_and_constant_bootstrap_cis" time="0.001" /><testcase classname="tests.test_evaluation_v5_statistics" name="test_bootstrap_enforces_one_family_row_and_is_order_independent" time="0.001" /><testcase classname="tests.test_evaluation_v5_statistics" name="test_seed_derivation_is_stable_and_namespaced" time="0.000" /><testcase classname="tests.test_evaluation_v5_statistics" name="test_equal_family_weighting_ignores_unequal_variant_exposure" time="0.010" /><testcase classname="tests.test_evaluation_v5_statistics" name="test_duplicate_calls_change_runtime_diagnostics_not_accuracy_sample_size" time="0.018" /><testcase classname="tests.test_evaluation_v5_statistics" name="test_record_input_order_does_not_change_estimates_or_effective_seeds" time="0.020" /><testcase classname="tests.test_evaluation_v5_statistics" name="test_p3_records_do_not_enable_inference_without_retained_frozen_gate" time="0.026" /><testcase classname="tests.test_evaluation_v5_statistics" name="test_retained_p3_gate_enables_nonretrieval_inference_only" time="0.017" /><testcase classname="tests.test_evaluation_v5_statistics" name="test_fractional_family_outcome_uses_wilcoxon_without_thresholding" time="0.012" /><testcase classname="tests.test_evaluation_v5_statistics" name="test_multiple_variants_with_realized_binary_family_means_still_use_wilcoxon" time="0.014" /><testcase classname="tests.test_evaluation_v5_statistics" name="test_unanimous_repeated_calls_remain_rates_and_use_wilcoxon" time="0.012" /><testcase classname="tests.test_evaluation_v5_statistics" name="test_p1_retrieval_and_absent_strata_are_not_zero_filled" time="0.002" /><testcase classname="tests.test_evaluation_v5_statistics" name="test_all_variant_and_workload_strata_receive_descriptive_rows" time="0.013" /><testcase classname="tests.test_evaluation_v5_statistics" name="test_frozen_catalog_oracle_scores_unknown_and_violating_candidates" time="0.002" /><testcase classname="tests.test_evaluation_v5_statistics" name="test_oracle_violation_overrides_internally_inconsistent_acceptable_membership" time="0.001" /><testcase classname="tests.test_evaluation_v5_statistics" name="test_latency_population_includes_recorded_error_fallback_and_timeout_attempts" time="0.002" /><testcase classname="tests.test_evaluation_v5_statistics" name="test_small_family_n_boundaries_warn_and_withhold_claims" time="0.000" /><testcase classname="tests.test_evaluation_v5_statistics" name="test_metric_direction_and_frozen_holm_registry_are_machine_readable" time="0.034" /><testcase classname="tests.test_evaluation_v5_statistics" name="test_small_n_analyzer_keeps_effects_and_p_values_but_withholds_decision" time="0.010" /><testcase classname="tests.test_evaluation_v5_statistics" name="test_v1_metadata_fails_closed_and_invalid_inputs_emit_not_executed" time="0.018" /><testcase classname="tests.test_evaluation_v5_statistics" name="test_confirmatory_raw_prevalidation_failure_occurs_before_gold_loader" time="0.014" /><testcase classname="tests.test_evaluation_v5_statistics" name="test_package_writes_are_exclusive_and_checksum_tampering_is_detected" time="0.051" /><testcase classname="tests.test_evaluation_v5_user_study" name="test_authenticator_username_mapping_restores_only_canonical_pseudonyms" time="0.000" /><testcase classname="tests.test_evaluation_v5_user_study" name="test_spawn_annotations_bind_same_safe_trial_fields_for_both_conditions[B0]" time="0.000" /><testcase classname="tests.test_evaluation_v5_user_study" name="test_spawn_annotations_bind_same_safe_trial_fields_for_both_conditions[P2]" time="0.000" /><testcase classname="tests.test_evaluation_v5_user_study" name="test_draft_task_bundle_is_strict_valid_and_browser_projection_is_gold_free" time="0.018" /><testcase classname="tests.test_evaluation_v5_user_study" name="test_draft_and_prescribed_intent_fields_fail_confirmatory_preparation" time="0.000" /><testcase classname="tests.test_evaluation_v5_user_study" name="test_final_selection_scorer_distinguishes_preferred_acceptable_and_constraints" time="0.000" /><testcase classname="tests.test_evaluation_v5_user_study" name="test_fairness_manifest_enforces_identical_conditions_and_frozen_components" time="0.003" /><testcase classname="tests.test_evaluation_v5_user_study" name="test_assignment_is_reproducible_seeded_bound_and_exactly_balanced" time="0.019" /><testcase classname="tests.test_evaluation_v5_user_study" name="test_assignment_rejects_config_and_counterbalance_drift" time="0.014" /><testcase classname="tests.test_evaluation_v5_user_study" name="test_confirmatory_assignment_requires_frozen_fairness_and_contract_provenance" time="0.010" /><testcase classname="tests.test_evaluation_v5_user_study" name="test_assignment_partial_blocks_are_deterministic_and_maximally_balanced[1]" time="0.004" /><testcase classname="tests.test_evaluation_v5_user_study" name="test_assignment_partial_blocks_are_deterministic_and_maximally_balanced[5]" time="0.005" /><testcase classname="tests.test_evaluation_v5_user_study" name="test_assignment_partial_blocks_are_deterministic_and_maximally_balanced[11]" time="0.008" /><testcase classname="tests.test_evaluation_v5_user_study" name="test_assignment_partial_blocks_are_deterministic_and_maximally_balanced[12]" time="0.008" /><testcase classname="tests.test_evaluation_v5_user_study" name="test_assignment_partial_blocks_are_deterministic_and_maximally_balanced[13]" time="0.008" /><testcase classname="tests.test_evaluation_v5_user_study" name="test_assignment_partial_blocks_are_deterministic_and_maximally_balanced[24]" time="0.012" /><testcase classname="tests.test_evaluation_v5_user_study" name="test_assignment_partial_blocks_are_deterministic_and_maximally_balanced[25]" time="0.013" /><testcase classname="tests.test_evaluation_v5_user_study" name="test_valid_b0_and_p2_event_state_machines_bind_assignment_and_ids" time="0.006" /><testcase classname="tests.test_evaluation_v5_user_study" name="test_event_prefix_mode_only_relaxes_completion" time="0.001" /><testcase classname="tests.test_evaluation_v5_user_study" name="test_event_contract_rejects_condition_and_state_machine_violations" time="0.001" /><testcase classname="tests.test_evaluation_v5_user_study" name="test_event_contract_enforces_decision_and_readiness_deadlines" time="0.001" /><testcase classname="tests.test_evaluation_v5_user_study" name="test_event_contract_rejects_repeated_confirm_stale_ready_and_missing_shown" time="0.001" /><testcase classname="tests.test_evaluation_v5_user_study" name="test_append_store_accepts_live_prefix_idempotently_and_seals_strict_session" time="0.005" /><testcase classname="tests.test_evaluation_v5_user_study" name="test_append_store_rejects_uuid_conflicts_private_content_and_marker_tampering" time="0.004" /><testcase classname="tests.test_evaluation_v5_user_study" name="test_research_event_contract_rejects_free_text_identity_and_secrets[raw_intent-My name is Ada Example]" time="0.000" /><testcase classname="tests.test_evaluation_v5_user_study" name="test_research_event_contract_rejects_free_text_identity_and_secrets[email-ada@example.test]" time="0.000" /><testcase classname="tests.test_evaluation_v5_user_study" name="test_research_event_contract_rejects_free_text_identity_and_secrets[hub_username-real-hub-user]" time="0.000" /><testcase classname="tests.test_evaluation_v5_user_study" name="test_research_event_contract_rejects_free_text_identity_and_secrets[authorization-Bearer test-secret-token]" time="0.000" /><testcase classname="tests.test_evaluation_v5_user_study" name="test_research_event_contract_rejects_free_text_identity_and_secrets[api_token-sk-test-obvious-secret]" time="0.000" /><testcase classname="tests.test_evaluation_v5_user_study" name="test_hub_routes_every_terminal_task_through_schedule_derived_forms" time="0.069" /><testcase classname="tests.test_evaluation_v5_user_study" name="test_questionnaire_ui_freezes_anchors_and_separates_custom_items" time="0.000" /><testcase classname="tests.test_evaluation_v5_user_study" name="test_preview_token_binding_accepts_authenticator_case_mapping_only" time="0.009" /><testcase classname="tests.test_evaluation_v5_user_study" name="test_hub_uses_one_gold_free_option_snapshot_and_b0_never_calls_p2" time="0.003" /><testcase classname="tests.test_evaluation_v5_user_study" name="test_hub_restart_marks_prefix_excluded_and_exports_content_free_staging" time="0.005" /><testcase classname="tests.test_evaluation_v5_user_study" name="test_gate_store_exports_completed_session_idempotently" time="0.001" /><testcase classname="tests.test_evaluation_v5_user_study" name="test_metric_derivation_uses_matched_pairs_and_never_emits_b0_rankings" time="0.003" /><testcase classname="tests.test_evaluation_v5_user_study" name="test_scoring_uses_final_human_selection_not_p2_recommendation" time="0.008" /><testcase classname="tests.test_evaluation_v5_user_study" name="test_selection_success_disagreement_with_legacy_alias_fails_closed" time="0.003" /><testcase classname="tests.test_evaluation_v5_user_study" name="test_b0_final_manual_correction_scores_the_confirmed_selection" time="0.005" /><testcase classname="tests.test_evaluation_v5_user_study" name="test_semantic_action_counts_ignore_focus_noise_and_system_events" time="0.005" /><testcase classname="tests.test_evaluation_v5_user_study" name="test_cancelled_task_remains_in_correctness_and_action_denominators" time="0.002" /><testcase classname="tests.test_evaluation_v5_user_study" name="test_cli_synthetic_prepare_validate_finalize_cycle_is_immutable" time="0.775" /><testcase classname="tests.test_evaluation_v5_user_study" name="test_cli_prepares_and_binds_secret_free_fairness_identity" time="0.018" /><testcase classname="tests.test_evaluation_v5_user_study" name="test_study_helm_overlay_is_opt_in_and_package_verifies_without_data" time="0.134" /><testcase classname="tests.test_evaluation_v5_user_study" name="test_real_adapter_synthetic_smoke_path_reaches_immutable_finalization" time="1.437" /><testcase classname="tests.test_evaluation_v5_user_study_analysis" name="test_questionnaire_schema_sus_and_missing_policy" time="0.010" /><testcase classname="tests.test_evaluation_v5_user_study_analysis" name="test_questionnaire_append_is_idempotent_and_cli_validates" time="0.010" /><testcase classname="tests.test_evaluation_v5_user_study_analysis" name="test_complete_session_requires_every_form_derived_from_schedule" time="0.007" /><testcase classname="tests.test_evaluation_v5_user_study_analysis" name="test_synthetic_analysis_emits_effects_intervals_and_aggregate_reports" time="0.932" /><testcase classname="tests.test_evaluation_v5_user_study_analysis" name="test_zero_time_uses_predeclared_robust_fallback" time="0.465" /><testcase classname="tests.test_evaluation_v5_user_study_analysis" name="test_all_technical_model_fallbacks_are_deterministic_and_self_describing" time="0.043" /><testcase classname="tests.test_evaluation_v5_user_study_analysis" name="test_bootstrap_seed_reproducibility_and_failed_refit_threshold" time="0.074" /><testcase classname="tests.test_evaluation_v5_user_study_analysis" name="test_holm_family_stays_two_when_one_primary_is_unavailable" time="0.000" /><testcase classname="tests.test_evaluation_v5_user_study_analysis" name="test_preference_wilson_intervals_and_missing_are_separate" time="0.000" /><testcase classname="tests.test_evaluation_v5_user_study_analysis" name="test_nonconfirmation_is_missing_outcome_not_exclusion" time="0.387" /><testcase classname="tests.test_evaluation_v5_user_study_analysis" name="test_frozen_analysis_runtime_rejects_python_311_and_records_metadata" time="0.013" /><testcase classname="tests.test_evaluation_v5_user_study_analysis" name="test_frozen_timeout_contract_is_assignment_bound_and_drift_fails_closed" time="0.007" /><testcase classname="tests.test_evaluation_v5_user_study_analysis" name="test_outcomes_and_missingness_can_never_become_exclusion_codes[poor_performance]" time="0.007" /><testcase classname="tests.test_evaluation_v5_user_study_analysis" name="test_outcomes_and_missingness_can_never_become_exclusion_codes[participant_cancelled]" time="0.007" /><testcase classname="tests.test_evaluation_v5_user_study_analysis" name="test_outcomes_and_missingness_can_never_become_exclusion_codes[missing_questionnaire_answer]" time="0.007" /><testcase classname="tests.test_evaluation_v5_user_study_analysis" name="test_outcomes_and_missingness_can_never_become_exclusion_codes[slow_response]" time="0.007" /><testcase classname="tests.test_evaluation_v5_user_study_analysis" name="test_outcomes_and_missingness_can_never_become_exclusion_codes[manual_override]" time="0.007" /><testcase classname="tests.test_evaluation_v5_user_study_analysis" name="test_outcomes_and_missingness_can_never_become_exclusion_codes[notebook_not_ready]" time="0.007" /><testcase classname="tests.test_evaluation_v5_user_study_analysis" name="test_outcomes_and_missingness_can_never_become_exclusion_codes[unsuccessful_task]" time="0.007" /><testcase classname="tests.test_evaluation_v5_user_study_analysis" name="test_privacy_audit_rejects_direct_identifiers[{&quot;participant_id&quot;:&quot;P-000000000000&quot;,&quot;email&quot;:&quot;person@example.test&quot;}\n]" time="0.001" /><testcase classname="tests.test_evaluation_v5_user_study_analysis" name="test_privacy_audit_rejects_direct_identifiers[{&quot;comment&quot;:&quot;participant supplied prose&quot;}\n]" time="0.001" /><testcase classname="tests.test_evaluation_v5_user_study_analysis" name="test_privacy_audit_rejects_direct_identifiers[{&quot;source&quot;:&quot;/Users/example/private/export.jsonl&quot;}\n]" time="0.001" /><testcase classname="tests.test_evaluation_v5_user_study_analysis" name="test_privacy_audit_rejects_direct_identifiers[{&quot;source&quot;:&quot;/home/example/private/export.jsonl&quot;}\n]" time="0.001" /><testcase classname="tests.test_evaluation_v5_user_study_analysis" name="test_privacy_audit_rejects_direct_identifiers[participant_id,score\nP-000000000000,7\n]" time="0.001" /><testcase classname="tests.test_evaluation_v5_user_study_analysis" name="test_not_executed_finalization_generates_full_placeholder_surface" time="0.076" /><testcase classname="tests.test_evaluation_v5_user_study_analysis" name="test_not_executed_finalization_enforces_runtime_contract" time="0.018" /><testcase classname="tests.test_protocol_v5_research_analysis" name="test_registry_is_complete_and_b0_has_no_ranking_metric" time="0.069" /><testcase classname="tests.test_protocol_v5_research_analysis" name="test_registry_rejects_convenient_metric_or_statistical_unit_substitution" time="0.106" /><testcase classname="tests.test_protocol_v5_research_analysis" name="test_h1_adapter_does_not_substitute_other_ranking_metrics" time="0.000" /><testcase classname="tests.test_protocol_v5_research_analysis" name="test_selection_zero_one_many_and_stale_lock" time="0.029" /><testcase classname="tests.test_protocol_v5_research_analysis" name="test_conflicting_observed_evidence_is_order_independent_and_fatal_without_lock" time="0.030" /><testcase classname="tests.test_protocol_v5_research_analysis" name="test_duplicate_evidence_never_uses_filesystem_order" time="0.029" /><testcase classname="tests.test_protocol_v5_research_analysis" name="test_selection_rechecks_registered_and_artifact_checksums" time="0.030" /><testcase classname="tests.test_protocol_v5_research_analysis" name="test_observed_confirmatory_evidence_with_failed_validator_is_fatal" time="0.028" /><testcase classname="tests.test_protocol_v5_research_analysis" name="test_h2_uses_family_losses_and_not_variants_as_samples" time="0.009" /><testcase classname="tests.test_protocol_v5_research_analysis" name="test_h6_requires_both_family_level_request_axes" time="0.018" /><testcase classname="tests.test_protocol_v5_research_analysis" name="test_e3_contract_freezes_pairing_holm_endpoints_and_timeout_policy" time="0.000" /><testcase classname="tests.test_protocol_v5_research_analysis" name="test_claim_outcomes_are_data_driven[H1-offline_recommendation-metrics0-flip0]" time="0.036" /><testcase classname="tests.test_protocol_v5_research_analysis" name="test_claim_outcomes_are_data_driven[H2-natural_language_robustness-metrics1-flip1]" time="0.036" /><testcase classname="tests.test_protocol_v5_research_analysis" name="test_claim_outcomes_are_data_driven[H3-user_study-metrics2-flip2]" time="0.036" /><testcase classname="tests.test_protocol_v5_research_analysis" name="test_claim_outcomes_are_data_driven[H4-user_study-metrics3-flip3]" time="0.035" /><testcase classname="tests.test_protocol_v5_research_analysis" name="test_claim_outcomes_are_data_driven[H5-resource_efficiency-metrics4-flip4]" time="0.036" /><testcase classname="tests.test_protocol_v5_research_analysis" name="test_claim_outcomes_are_data_driven[H6-resource_efficiency-metrics5-flip5]" time="0.035" /><testcase classname="tests.test_protocol_v5_research_analysis" name="test_claim_outcomes_are_data_driven[H7F-image_functional-metrics6-flip6]" time="0.035" /><testcase classname="tests.test_protocol_v5_research_analysis" name="test_claim_outcomes_are_data_driven[H7-image_storage-metrics7-flip7]" time="0.035" /><testcase classname="tests.test_protocol_v5_research_analysis" name="test_claim_outcomes_are_data_driven[H8-p2_p3-metrics8-flip8]" time="0.035" /><testcase classname="tests.test_protocol_v5_research_analysis" name="test_h5_resource_reduction_without_reliability_preservation_is_not_supported" time="0.105" /><testcase classname="tests.test_protocol_v5_research_analysis" name="test_h6_requires_independently_bound_oracle_provenance" time="0.033" /><testcase classname="tests.test_protocol_v5_research_analysis" name="test_h7_requires_post_baseline_catalog_growth_not_one_scale_savings" time="0.034" /><testcase classname="tests.test_protocol_v5_research_analysis" name="test_h7_functional_and_storage_claims_cannot_imply_each_other" time="0.033" /><testcase classname="tests.test_protocol_v5_research_analysis" name="test_development_or_failed_validation_never_decides_claim" time="0.030" /><testcase classname="tests.test_protocol_v5_research_analysis" name="test_exact_metric_lineage_is_required_and_contains_reproducible_fields" time="0.032" /><testcase classname="tests.test_protocol_v5_research_analysis" name="test_missing_metric_is_absent_not_numeric_zero" time="0.038" /><testcase classname="tests.test_protocol_v5_research_analysis" name="test_semantic_provenance_blocks_but_git_difference_only_discloses" time="0.364" /><testcase classname="tests.test_protocol_v5_research_analysis" name="test_authenticated_selection_propagates_valid_metrics_checksums_and_lineage" time="0.312" /><testcase classname="tests.test_protocol_v5_research_analysis" name="test_p16_case_b_observed_fixture_drives_status_metrics_and_report" time="0.289" /><testcase classname="tests.test_protocol_v5_research_analysis" name="test_p16_case_c_incomplete_evidence_never_becomes_positive" time="0.288" /><testcase classname="tests.test_protocol_v5_research_analysis" name="test_p16_case_d_nonempty_authenticated_selection_reaches_completion" time="0.286" /><testcase classname="tests.test_protocol_v5_research_analysis" name="test_caller_duplicate_source_identity_mismatch_fails_closed" time="0.278" /><testcase classname="tests.test_protocol_v5_research_analysis" name="test_semantic_freeze_catalog_index_prompt_and_system_mismatches_block[p2.pipeline_version-FREEZE]" time="0.278" /><testcase classname="tests.test_protocol_v5_research_analysis" name="test_semantic_freeze_catalog_index_prompt_and_system_mismatches_block[catalog.version-FREEZE]" time="0.278" /><testcase classname="tests.test_protocol_v5_research_analysis" name="test_semantic_freeze_catalog_index_prompt_and_system_mismatches_block[indexes.dense.sha256-FREEZE]" time="0.280" /><testcase classname="tests.test_protocol_v5_research_analysis" name="test_semantic_freeze_catalog_index_prompt_and_system_mismatches_block[extractor.prompt_sha256-FREEZE]" time="0.307" /><testcase classname="tests.test_protocol_v5_research_analysis" name="test_cross_experiment_dataset_and_split_mismatch_blocks_both_claims" time="0.282" /><testcase classname="tests.test_protocol_v5_research_an
[...]
borderline" time="0.000" /><testcase classname="tests.test_resource_envelope_v5" name="test_trial_safety_rejects_any_observed_oom_event[oom]" time="0.000" /><testcase classname="tests.test_resource_envelope_v5" name="test_trial_safety_rejects_any_observed_oom_event[oom_kill]" time="0.000" /><testcase classname="tests.test_resource_envelope_v5" name="test_trial_safety_rejects_any_observed_oom_event[oom_group_kill]" time="0.000" /><testcase classname="tests.test_resource_envelope_v5" name="test_trial_safety_fails_closed_without_required_oom_counter[oom]" time="0.000" /><testcase classname="tests.test_resource_envelope_v5" name="test_trial_safety_fails_closed_without_required_oom_counter[oom_kill]" time="0.000" /><testcase classname="tests.test_resource_envelope_v5" name="test_missing_memory_event_baseline_or_final_sample_rejects[before0-after0]" time="0.000" /><testcase classname="tests.test_resource_envelope_v5" name="test_missing_memory_event_baseline_or_final_sample_rejects[before1-after1]" time="0.000" /><testcase classname="tests.test_resource_envelope_v5" name="test_trial_safety_rejects_malformed_or_negative_oom_counter[None]" time="0.000" /><testcase classname="tests.test_resource_envelope_v5" name="test_trial_safety_rejects_malformed_or_negative_oom_counter[0]" time="0.000" /><testcase classname="tests.test_resource_envelope_v5" name="test_trial_safety_rejects_malformed_or_negative_oom_counter[-1]" time="0.000" /><testcase classname="tests.test_resource_envelope_v5" name="test_trial_safety_rejects_malformed_or_negative_oom_counter[True]" time="0.000" /><testcase classname="tests.test_resource_envelope_v5" name="test_zero_valid_oom_counters_continue_safety_evaluation" time="0.000" /><testcase classname="tests.test_resource_envelope_v5" name="test_trial_safety_applies_inclusive_measured_runtime_timeout" time="0.000" /><testcase classname="tests.test_resource_envelope_v5" name="test_trial_safety_and_evidence_reject_non_finite_runtime[nan]" time="0.002" /><testcase classname="tests.test_resource_envelope_v5" name="test_trial_safety_and_evidence_reject_non_finite_runtime[inf]" time="0.000" /><testcase classname="tests.test_resource_envelope_v5" name="test_trial_safety_and_evidence_reject_non_finite_runtime[-inf]" time="0.000" /><testcase classname="tests.test_resource_envelope_v5" name="test_trial_safety_rejects_missing_or_negative_runtime" time="0.002" /><testcase classname="tests.test_resource_envelope_v5" name="test_trial_evidence_rejects_unflagged_runtime_overflow" time="0.000" /><testcase classname="tests.test_resource_envelope_v5" name="test_current_trial_observation_round_trip_and_prior_v5_rejection" time="0.000" /><testcase classname="tests.test_resource_envelope_v5" name="test_kubernetes_adapter_flags_runtime_and_cgroup_oom_boundaries" time="0.003" /><testcase classname="tests.test_resource_envelope_v5" name="test_workload_oom_or_timeout_cannot_be_replaceable_infrastructure[oom]" time="0.000" /><testcase classname="tests.test_resource_envelope_v5" name="test_workload_oom_or_timeout_cannot_be_replaceable_infrastructure[timeout]" time="0.000" /><testcase classname="tests.test_resource_envelope_v5" name="test_lifecycle_and_monitor_grace_do_not_enlarge_workload_timeout" time="0.003" /><testcase classname="tests.test_resource_envelope_v5" name="test_frozen_correctness_invariant_rejects_corruption" time="0.077" /><testcase classname="tests.test_resource_envelope_v5" name="test_derivation_returns_interval_censored_safe_envelope" time="0.001" /><testcase classname="tests.test_resource_envelope_v5" name="test_derivation_refuses_interval_without_immediate_neighbor" time="0.001" /><testcase classname="tests.test_resource_envelope_v5" name="test_lowest_lattice_passes_is_one_sided" time="0.001" /><testcase classname="tests.test_resource_envelope_v5" name="test_maximum_memory_failure_has_no_safe_bound" time="0.001" /><testcase classname="tests.test_resource_envelope_v5" name="test_unstable_reference_fails_closed" time="0.001" /><testcase classname="tests.test_resource_envelope_v5" name="test_joint_failures_require_review[wrong_marker]" time="0.001" /><testcase classname="tests.test_resource_envelope_v5" name="test_joint_failures_require_review[missing_metrics]" time="0.001" /><testcase classname="tests.test_resource_envelope_v5" name="test_joint_failures_require_review[slow_runtime]" time="0.001" /><testcase classname="tests.test_resource_envelope_v5" name="test_timeout_and_mixed_probe_outcomes_are_not_safe" time="0.001" /><testcase classname="tests.test_resource_envelope_v5" name="test_non_monotonic_probe_requires_review" time="0.001" /><testcase classname="tests.test_resource_envelope_v5" name="test_reference_failure_reports_no_safe_bound" time="0.001" /><testcase classname="tests.test_resource_envelope_v5" name="test_dry_run_is_immutable_and_contains_no_observations" time="0.315" /><testcase classname="tests.test_resource_envelope_v5" name="test_checksum_tampering_is_detected" time="0.177" /><testcase classname="tests.test_resource_envelope_v5" name="test_fake_adapter_drives_search_and_manual_review_gate" time="0.454" /><testcase classname="tests.test_resource_envelope_v5" name="test_observed_package_rejects_incompatible_derivation_schema" time="0.485" /><testcase classname="tests.test_resource_envelope_v5" name="test_fake_adapter_replaces_one_infrastructure_failure" time="0.431" /><testcase classname="tests.test_resource_envelope_v5" name="test_second_infrastructure_failure_is_exhausted" time="0.124" /><testcase classname="tests.test_resource_envelope_v5" name="test_workload_oom_is_not_replaced_as_infrastructure" time="0.428" /><testcase classname="tests.test_resource_envelope_v5" name="test_resume_after_interruption_skips_completed_trials" time="0.689" /><testcase classname="tests.test_resource_envelope_v5" name="test_resume_rejects_fingerprint_mismatch" time="0.188" /><testcase classname="tests.test_resource_envelope_v5" name="test_kubernetes_spec_is_guaranteed_hardened_and_recommender_free" time="0.000" /><testcase classname="tests.test_resource_envelope_v5" name="test_cluster_eligibility_accepts_complete_fixture" time="0.002" /><testcase classname="tests.test_resource_envelope_v5" name="test_cluster_eligibility_fails_closed[context-WRONG_KUBERNETES_CONTEXT]" time="0.002" /><testcase classname="tests.test_resource_envelope_v5" name="test_cluster_eligibility_fails_closed[cluster-WRONG_CLUSTER_FINGERPRINT]" time="0.002" /><testcase classname="tests.test_resource_envelope_v5" name="test_cluster_eligibility_fails_closed[cgroup-CGROUP_V2_REQUIRED]" time="0.002" /><testcase classname="tests.test_resource_envelope_v5" name="test_cluster_eligibility_fails_closed[controller-CGROUP_CONTROLLER_MISSING]" time="0.002" /><testcase classname="tests.test_resource_envelope_v5" name="test_cluster_eligibility_fails_closed[memory_event-CGROUP_MEMORY_EVENT_KEY_MISSING]" time="0.002" /><testcase classname="tests.test_resource_envelope_v5" name="test_cluster_eligibility_fails_closed[capacity-INSUFFICIENT_NODE_CAPACITY]" time="0.002" /><testcase classname="tests.test_resource_envelope_v5" name="test_cluster_eligibility_fails_closed[conflict-CONFLICTING_CALIBRATION_WORKLOAD]" time="0.002" /><testcase classname="tests.test_resource_envelope_v5" name="test_cluster_eligibility_fails_closed[image-IMAGE_DIGEST_UNVERIFIED]" time="0.002" /><testcase classname="tests.test_resource_envelope_v5" name="test_axis_classifier_equality_and_censoring" time="0.000" /><testcase classname="tests.test_resource_envelope_v5" name="test_manual_review_pre_fingerprint_detects_tampering" time="0.637" /><testcase classname="tests.test_resource_envelope_v5" name="test_comparison_requires_sealed_approved_e4_and_checks_ratios" time="0.833" /><testcase classname="tests.test_resource_envelope_v5" name="test_comparison_rejects_missing_or_mismatched_crosswalk" time="0.027" /><testcase classname="tests.test_resource_envelope_v5" name="test_comparison_reports_no_reference_for_rejected_or_no_safe_package[REJECTED-256]" time="0.853" /><testcase classname="tests.test_resource_envelope_v5" name="test_comparison_reports_no_reference_for_rejected_or_no_safe_package[APPROVED-4096]" time="0.226" /><testcase classname="tests.test_resource_envelope_v5" name="test_dry_run_uses_only_read_only_context_probe" time="0.110" /><testcase classname="tests.test_resource_envelope_v5" name="test_observed_execution_gate_fails_before_creating_result_directory" time="0.104" /><testcase classname="tests.test_resource_efficiency_v5" name="test_contracts_bind_exact_16_by_4_by_10_design" time="0.040" /><testcase classname="tests.test_resource_efficiency_v5" name="test_plan_is_paired_randomized_and_calls_each_recommender_once_per_family" time="0.066" /><testcase classname="tests.test_resource_efficiency_v5" name="test_execution_order_is_reproducible_balanced_and_interleaved" time="0.128" /><testcase classname="tests.test_resource_efficiency_v5" name="test_p2_catalog_and_dynamic_reuse_one_frozen_p2_result" time="0.067" /><testcase classname="tests.test_resource_efficiency_v5" name="test_p2_dynamic_unique_allocation_identity_is_global_final_and_canonical" time="0.065" /><testcase classname="tests.test_resource_efficiency_v5" name="test_optional_score_does_not_change_existing_offline_serialization" time="0.000" /><testcase classname="tests.test_resource_efficiency_v5" name="test_dynamic_trace_records_upward_quantization_and_quota_fallback" time="0.002" /><testcase classname="tests.test_resource_efficiency_v5" name="test_p2_dynamic_fallback_lineage_ends_at_catalog_allocation" time="0.067" /><testcase classname="tests.test_resource_efficiency_v5" name="test_hardened_pod_has_exact_separate_requests_and_limits" time="0.082" /><testcase classname="tests.test_resource_efficiency_v5" name="test_primary_outcome_classes_and_oom_precedence[fields0-PENDING_OR_ADMISSION_FAILURE]" time="0.000" /><testcase classname="tests.test_resource_efficiency_v5" name="test_primary_outcome_classes_and_oom_precedence[fields1-OOM]" time="0.000" /><testcase classname="tests.test_resource_efficiency_v5" name="test_primary_outcome_classes_and_oom_precedence[fields2-TIMEOUT]" time="0.000" /><testcase classname="tests.test_resource_efficiency_v5" name="test_primary_outcome_classes_and_oom_precedence[fields3-INCORRECT]" time="0.000" /><testcase classname="tests.test_resource_efficiency_v5" name="test_primary_outcome_classes_and_oom_precedence[fields4-RUNTIME_ERROR]" time="0.000" /><testcase classname="tests.test_resource_efficiency_v5" name="test_primary_outcome_classes_and_oom_precedence[fields5-SUCCESS]" time="0.000" /><testcase classname="tests.test_resource_efficiency_v5" name="test_derive_missing_metrics_and_abrupt_failure_runtime_rules" time="0.113" /><testcase classname="tests.test_resource_efficiency_v5" name="test_per_trial_telemetry_contract_has_canonical_units_and_dynamic_lineage" time="0.131" /><testcase classname="tests.test_resource_efficiency_v5" name="test_kubernetes_classifier_separates_oom_timeout_pending_and_infrastructure" time="0.000" /><testcase classname="tests.test_resource_efficiency_v5" name="test_ambiguous_pending_and_completed_outcome_record_is_rejected" time="0.072" /><testcase classname="tests.test_resource_efficiency_v5" name="test_cost_per_success_includes_failed_attempts_and_zero_success_is_null" time="0.064" /><testcase classname="tests.test_resource_efficiency_v5" name="test_scheduled_failure_with_missing_duration_makes_cost_unavailable_not_zero" time="0.064" /><testcase classname="tests.test_resource_efficiency_v5" name="test_tiny_allocation_with_many_ooms_cannot_appear_superior" time="0.064" /><testcase classname="tests.test_resource_efficiency_v5" name="test_tiny_allocation_with_timeout_or_incorrect_completion_cannot_dominate" time="0.000" /><testcase classname="tests.test_resource_efficiency_v5" name="test_incorrect_completion_is_not_a_success_or_cost_denominator_member" time="0.087" /><testcase classname="tests.test_resource_efficiency_v5" name="test_oracle_interval_censoring_compares_requests_and_limits" time="0.095" /><testcase classname="tests.test_resource_efficiency_v5" name="test_pareto_never_calls_cheaper_but_less_reliable_an_improvement" time="0.000" /><testcase classname="tests.test_resource_efficiency_v5" name="test_family_first_analysis_has_16_effective_units_not_160_repetitions" time="0.109" /><testcase classname="tests.test_resource_efficiency_v5" name="test_statistics_reject_duplicate_family_condition_rows" time="0.000" /><testcase classname="tests.test_resource_efficiency_v5" name="test_capacity_packing_is_deterministic_and_separately_labeled" time="0.074" /><testcase classname="tests.test_resource_efficiency_v5" name="test_capacity_refuses_disagreeing_observed_requests" time="0.077" /><testcase classname="tests.test_resource_efficiency_v5" name="test_capacity_refuses_physical_capacity_and_incomplete_repetitions" time="0.073" /><testcase classname="tests.test_resource_efficiency_v5" name="test_one_infrastructure_replacement_and_sealing" time="0.921" /><testcase classname="tests.test_resource_efficiency_v5" name="test_unsealed_prefix_resume_requires_identical_provenance" time="0.945" /><testcase classname="tests.test_resource_efficiency_v5" name="test_read_only_dry_run_is_explicit_not_executed" time="0.440" /><testcase classname="tests.test_resource_efficiency_v5" name="test_wrong_context_and_disabled_kubernetes_readiness_are_fail_closed" time="0.097" /><testcase classname="tests.test_resource_efficiency_v5" name="test_all_static_live_execution_prerequisites_remain_blockers" time="0.005" /><testcase classname="tests.test_resource_efficiency_v5" name="test_analysis_report_contract_cannot_label_simulation_as_observed" time="0.003" /><testcase classname="tests.test_resource_efficiency_v5" name="test_checked_in_capacity_contains_no_invented_values" time="0.005" /><testcase classname="tests.test_evaluation_v4" name="test_gold_dataset_is_family_split_and_stratified" time="0.074" /><testcase classname="tests.test_evaluation_v4" name="test_dataset_validator_rejects_family_leakage" time="0.056" /><testcase classname="tests.test_evaluation_v4" name="test_default_recommender_matrix_covers_locked_test_set" time="0.056" /><testcase classname="tests.test_evaluation_v4" name="test_system_plan_is_paired_and_randomized_by_repeat_block" time="0.055" /><testcase classname="tests.test_evaluation_v4" name="test_v4_cgroup_sampler_reports_window_means_and_memory_peak" time="0.002" /><testcase classname="tests.test_evaluation_v4" name="test_hub_session_extracts_reprovision_javascript_xsrf" time="0.000" /><testcase classname="tests.test_evaluation_v4" name="test_stage_c_classifies_inner_runner_timeout" time="0.000" /><testcase classname="tests.test_evaluation_v4" name="test_stage_c_resume_accepts_only_a_valid_completed_prefix" time="0.002" /><testcase classname="tests.test_evaluation_v4" name="test_stage_c_resume_rejects_corrupt_or_nonprefix_evidence[duplicate]" time="0.002" /><testcase classname="tests.test_evaluation_v4" name="test_stage_c_resume_rejects_corrupt_or_nonprefix_evidence[plan_mismatch]" time="0.002" /><testcase classname="tests.test_evaluation_v4" name="test_stage_c_resume_rejects_corrupt_or_nonprefix_evidence[missing_sidecar]" time="0.002" /><testcase classname="tests.test_evaluation_v4" name="test_offline_runner_and_analyzer_generate_auditable_outputs" time="0.257" /><testcase classname="tests.test_evaluation_v4" name="test_system_metrics_keep_observed_and_simulated_separate" time="0.054" /><testcase classname="tests.test_evaluation_v4" name="test_system_comparisons_are_paired_within_evidence_class" time="0.055" /><testcase classname="tests.test_evaluation_v4" name="test_observed_system_trial_requires_evidence_path" time="0.001" /><testcase classname="tests.test_evaluation_v4" name="test_user_acceptance_uses_decided_denominator_and_evidence_class" time="0.054" /><testcase classname="tests.test_evaluation_v4" name="test_user_acceptance_comparison_pairs_participant_and_task" time="0.054" /><testcase classname="tests.test_evaluation_v4" name="test_reprovision_success_requires_ready_pvc_and_workload_resume" time="0.054" /><testcase classname="tests.test_evaluation_v4" name="test_exact_paired_test_and_holm_adjustment_are_deterministic" time="0.000" /><testcase classname="tests.test_evaluation_v4" name="test_small_p_values_are_never_rounded_to_statistical_zero" time="0.000" /><testcase classname="tests.test_resource_authenticity_adversarial" name="test_caller_injected_strings_and_subclasses_rejected" time="0.000" /><testcase classname="tests.test_resource_authenticity_adversarial" name="test_synthetic_adapter_runs_as_synthetic_and_rejects_manual_review" time="0.457" /><testcase classname="tests.test_resource_authenticity_adversarial" name="test_forced_observed_status_on_disk_fails_closed" time="0.580" /><testcase classname="tests.test_resource_authenticity_adversarial" name="test_readiness_enforcement_blocks_synthetic_and_allows_real" time="0.094" /><testcase classname="tests.test_resource_authenticity_adversarial" name="test_manual_review_approval_requires_observed_real_evidence" time="0.604" /><testcase classname="tests.test_resource_authenticity_adversarial" name="test_efficiency_runner_authenticity_and_analysis_handoff" time="1.112" /><testcase classname="tests.test_resource_authenticity_adversarial" name="test_all_bounded_legacy_packages_registered_and_tamper_resistant" time="0.002" /><testcase classname="tests.test_resource_authenticity_adversarial" name="test_all_20_e4_directories_in_repository_validate" time="0.357" /><testcase classname="tests.test_config_validation" name="test_baseline_profiles_match_runtime_catalog_policy" time="0.002" /><testcase classname="tests.test_config_validation" name="test_proposed_helm_mounts_runtime_and_has_no_client_side_recommender" time="0.002" /><testcase classname="tests.test_config_validation" name="test_jupyterhub_options_callback_uses_supported_signature" time="0.308" /><testcase classname="tests.test_config_validation" name="test_demo_images_are_digest_pinned_and_catalog_is_authoritative" time="0.003" /><testcase classname="tests.test_config_validation" name="test_preview_response_has_locked_schema_and_stores_no_raw_context" time="0.003" /><testcase classname="tests.test_config_validation" name="test_submit_requires_existing_preview_and_never_creates_one_implicitly" time="0.002" /><testcase classname="tests.test_config_validation" name="test_confirmed_preview_applies_resources_image_and_safe_telemetry" time="0.002" /><testcase classname="tests.test_config_validation" name="test_manual_override_is_allowlisted_and_bound_at_confirmation" time="0.002" /><testcase classname="tests.test_config_validation" name="test_options_form_fetches_server_endpoint_with_xsrf_and_no_client_rules" time="0.002" /><testcase classname="tests.test_config_validation" name="test_input_validation_and_html_serialization_are_bounded" time="0.003" /><testcase classname="tests.test_config_validation" name="test_repository_contains_no_raw_notebooks" time="0.034" /><testcase classname="tests.test_p2_backend_integration" name="test_local_extractor_records_explicit_constraints_without_selecting_catalog_values" time="0.000" /><testcase classname="tests.test_p2_backend_integration" name="test_local_extractor_does_not_turn_general_need_phrases_into_packages" time="0.000" /><testcase classname="tests.test_p2_backend_integration" name="test_p2_is_new_registry_backend_and_resolves_final_values_from_trusted_corpus" time="0.033" /><testcase classname="tests.test_p2_backend_integration" name="test_unknown_retrieved_candidate_cannot_cross_trusted_resolution_boundary" time="0.031" /><testcase classname="tests.test_p2_backend_integration" name="test_p2_operational_provenance_is_complete_and_contains_no_raw_context" time="0.033" /><testcase classname="tests.test_p2_backend_integration" name="test_infeasible_p2_preview_requires_existing_manual_override_path" time="0.034" /></testsuite></testsuites>