<?xml version="1.0" encoding="utf-8"?><testsuites name="pytest tests"><testsuite name="pytest" errors="0" failures="0" skipped="0" tests="101" time="27.793" timestamp="2026-09-11T09:07:53.456456+07:00" hostname="Macbook-4.local"><testcase classname="tests.test_protocol_v5_research_analysis" name="test_registry_is_complete_and_b0_has_no_ranking_metric" time="0.068" /><testcase classname="tests.test_protocol_v5_research_analysis" name="test_registry_rejects_convenient_metric_or_statistical_unit_substitution" time="0.106" /><testcase classname="tests.test_protocol_v5_research_analysis" name="test_h1_adapter_does_not_substitute_other_ranking_metrics" time="0.000" /><testcase classname="tests.test_protocol_v5_research_analysis" name="test_selection_zero_one_many_and_stale_lock" time="0.029" /><testcase classname="tests.test_protocol_v5_research_analysis" name="test_conflicting_observed_evidence_is_order_independent_and_fatal_without_lock" time="0.030" /><testcase classname="tests.test_protocol_v5_research_analysis" name="test_duplicate_evidence_never_uses_filesystem_order" time="0.029" /><testcase classname="tests.test_protocol_v5_research_analysis" name="test_selection_rechecks_registered_and_artifact_checksums" time="0.029" /><testcase classname="tests.test_protocol_v5_research_analysis" name="test_observed_confirmatory_evidence_with_failed_validator_is_fatal" time="0.028" /><testcase classname="tests.test_protocol_v5_research_analysis" name="test_h2_uses_family_losses_and_not_variants_as_samples" time="0.009" /><testcase classname="tests.test_protocol_v5_research_analysis" name="test_h6_requires_both_family_level_request_axes" time="0.018" /><testcase classname="tests.test_protocol_v5_research_analysis" name="test_e3_contract_freezes_pairing_holm_endpoints_and_timeout_policy" time="0.005" /><testcase classname="tests.test_protocol_v5_research_analysis" name="test_claim_outcomes_are_data_driven[H1-offline_recommendation-metrics0-flip0]" time="0.051" /><testcase classname="tests.test_protocol_v5_research_analysis" name="test_claim_outcomes_are_data_driven[H2-natural_language_robustness-metrics1-flip1]" time="0.036" /><testcase classname="tests.test_protocol_v5_research_analysis" name="test_claim_outcomes_are_data_driven[H3-user_study-metrics2-flip2]" time="0.035" /><testcase classname="tests.test_protocol_v5_research_analysis" name="test_claim_outcomes_are_data_driven[H4-user_study-metrics3-flip3]" time="0.035" /><testcase classname="tests.test_protocol_v5_research_analysis" name="test_claim_outcomes_are_data_driven[H5-resource_efficiency-metrics4-flip4]" time="0.035" /><testcase classname="tests.test_protocol_v5_research_analysis" name="test_claim_outcomes_are_data_driven[H6-resource_efficiency-metrics5-flip5]" time="0.035" /><testcase classname="tests.test_protocol_v5_research_analysis" name="test_claim_outcomes_are_data_driven[H7F-image_functional-metrics6-flip6]" time="0.034" /><testcase classname="tests.test_protocol_v5_research_analysis" name="test_claim_outcomes_are_data_driven[H7-image_storage-metrics7-flip7]" time="0.034" /><testcase classname="tests.test_protocol_v5_research_analysis" name="test_claim_outcomes_are_data_driven[H8-p2_p3-metrics8-flip8]" time="0.034" /><testcase classname="tests.test_protocol_v5_research_analysis" name="test_h5_resource_reduction_without_reliability_preservation_is_not_supported" time="0.040" /><testcase classname="tests.test_protocol_v5_research_analysis" name="test_h6_requires_independently_bound_oracle_provenance" time="0.033" /><testcase classname="tests.test_protocol_v5_research_analysis" name="test_h7_requires_post_baseline_catalog_growth_not_one_scale_savings" time="0.033" /><testcase classname="tests.test_protocol_v5_research_analysis" name="test_h7_functional_and_storage_claims_cannot_imply_each_other" time="0.033" /><testcase classname="tests.test_protocol_v5_research_analysis" name="test_development_or_failed_validation_never_decides_claim" time="0.030" /><testcase classname="tests.test_protocol_v5_research_analysis" name="test_exact_metric_lineage_is_required_and_contains_reproducible_fields" time="0.032" /><testcase classname="tests.test_protocol_v5_research_analysis" name="test_missing_metric_is_absent_not_numeric_zero" time="0.030" /><testcase classname="tests.test_protocol_v5_research_analysis" name="test_semantic_provenance_blocks_but_git_difference_only_discloses" time="0.365" /><testcase classname="tests.test_protocol_v5_research_analysis" name="test_authenticated_selection_propagates_valid_metrics_checksums_and_lineage" time="0.282" /><testcase classname="tests.test_protocol_v5_research_analysis" name="test_p16_case_b_observed_fixture_drives_status_metrics_and_report" time="0.316" /><testcase classname="tests.test_protocol_v5_research_analysis" name="test_p16_case_c_incomplete_evidence_never_becomes_positive" time="0.299" /><testcase classname="tests.test_protocol_v5_research_analysis" name="test_p16_case_d_nonempty_authenticated_selection_reaches_completion" time="0.302" /><testcase classname="tests.test_protocol_v5_research_analysis" name="test_caller_duplicate_source_identity_mismatch_fails_closed" time="0.299" /><testcase classname="tests.test_protocol_v5_research_analysis" name="test_semantic_freeze_catalog_index_prompt_and_system_mismatches_block[p2.pipeline_version-FREEZE]" time="0.318" /><testcase classname="tests.test_protocol_v5_research_analysis" name="test_semantic_freeze_catalog_index_prompt_and_system_mismatches_block[catalog.version-FREEZE]" time="0.321" /><testcase classname="tests.test_protocol_v5_research_analysis" name="test_semantic_freeze_catalog_index_prompt_and_system_mismatches_block[indexes.dense.sha256-FREEZE]" time="0.297" /><testcase classname="tests.test_protocol_v5_research_analysis" name="test_semantic_freeze_catalog_index_prompt_and_system_mismatches_block[extractor.prompt_sha256-FREEZE]" time="0.282" /><testcase classname="tests.test_protocol_v5_research_analysis" name="test_cross_experiment_dataset_and_split_mismatch_blocks_both_claims" time="0.303" /><testcase classname="tests.test_protocol_v5_research_analysis" name="test_harness_only_git_revision_difference_is_disclosed_not_blocked" time="0.284" /><testcase classname="tests.test_protocol_v5_research_analysis" name="test_incompatible_digest_namespaces_never_compare_as_equal" time="0.318" /><testcase classname="tests.test_protocol_v5_research_analysis" name="test_threats_are_metadata_triggered_and_cover_required_categories" time="0.029" /><testcase classname="tests.test_protocol_v5_research_analysis" name="test_threat_generator_does_not_invent_absent_cluster_or_platform_metadata" time="0.028" /><testcase classname="tests.test_protocol_v5_research_analysis" name="test_provenance_failures_generate_metadata_bound_internal_threats" time="0.028" /><testcase classname="tests.test_protocol_v5_research_analysis" name="test_storage_contract_enforces_order_but_not_the_claim_result" time="0.001" /><testcase classname="tests.test_protocol_v5_research_analysis" name="test_storage_adapter_computes_catalog_expansion_growth_not_only_final_savings" time="0.001" /><testcase classname="tests.test_protocol_v5_research_analysis" name="test_synthetic_resource_cannot_enter_authenticated_claim_selection" time="0.281" /><testcase classname="tests.test_protocol_v5_research_analysis" name="test_controlled_synthetic_storage_reproduction_never_supports_h7" time="1.600" /><testcase classname="tests.test_protocol_v5_research_analysis" name="test_external_normal_layout_synthetic_storage_is_discovered_but_never_selected" time="1.264" /><testcase classname="tests.test_protocol_v5_research_analysis" name="test_empty_tree_writes_valid_incomplete_package_and_never_overwrites" time="0.696" /><testcase classname="tests.test_protocol_v5_research_analysis" name="test_flat_design_snapshot_is_rejected_for_claim_evaluation" time="0.116" /><testcase classname="tests.test_protocol_v5_research_analysis" name="test_tampered_authoritative_freeze_is_rejected_for_claim_evaluation" time="0.450" /><testcase classname="tests.test_protocol_v5_research_analysis" name="test_complete_mandatory_evidence_exits_zero_while_optional_h8_is_absent" time="0.463" /><testcase classname="tests.test_protocol_v5_research_analysis" name="test_contradictory_claimable_evidence_writes_failed_audit_and_exits_two" time="0.534" /><testcase classname="tests.test_protocol_v5_research_analysis" name="test_valid_dry_run_evidence_never_upgrades_confirmatory_claim" time="0.030" /><testcase classname="tests.test_protocol_v5_research_analysis" name="test_optional_h8_never_controls_required_package_completeness" time="0.036" /><testcase classname="tests.test_protocol_v5_research_analysis" name="test_invalid_selection_writes_failed_nonclaimable_audit_package" time="0.490" /><testcase classname="tests.test_protocol_v5_final_audit" name="test_all_seventeen_checks_and_missing_freeze_are_explicit" time="0.767" /><testcase classname="tests.test_protocol_v5_final_audit" name="test_snapshot_is_not_a_production_freeze" time="0.063" /><testcase classname="tests.test_protocol_v5_final_audit" name="test_isolation_failure_is_exactly_classified_and_repaired" time="1.952" /><testcase classname="tests.test_protocol_v5_final_audit" name="test_command_evidence_captures_revision_command_exit_and_hashes" time="0.070" /><testcase classname="tests.test_protocol_v5_final_audit" name="test_nonzero_command_evidence_requires_exact_reason_category_pairs" time="0.062" /><testcase classname="tests.test_protocol_v5_final_audit" name="test_junit_counts_are_recomputed_from_cases" time="0.001" /><testcase classname="tests.test_protocol_v5_final_audit" name="test_completion_rejects_command_evidence_from_another_revision" time="0.001" /><testcase classname="tests.test_protocol_v5_final_audit" name="test_scientific_nonzero_is_not_misclassified_as_implementation_defect" time="0.000" /><testcase classname="tests.test_protocol_v5_final_audit" name="test_previous_tested_to_publication_delta_is_fully_classified_and_nonsemantic" time="5.164" /><testcase classname="tests.test_protocol_v5_final_audit" name="test_post_publication_delta_verifier_rejects_disallowed_path_class" time="0.334" /><testcase classname="tests.test_protocol_v5_final_audit" name="test_existing_failures_are_preserved_and_not_selected_away" time="0.000" /><testcase classname="tests.test_protocol_v5_final_audit" name="test_final_audit_consumes_explicit_authenticated_claim_package" time="0.074" /><testcase classname="tests.test_protocol_v5_final_audit" name="test_p16_case_a_no_authenticated_real_evidence_has_no_fabricated_results" time="0.046" /><testcase classname="tests.test_protocol_v5_final_audit" name="test_report_renders_changed_validated_claim_state_instead_of_snapshot_prose" time="0.046" /><testcase classname="tests.test_protocol_v5_final_audit" name="test_collector_origin_scan_rejects_synthetic_observed_fixture_outside_repository" time="0.000" /><testcase classname="tests.test_protocol_v5_final_audit" name="test_e3_lf_regeneration_is_versioned_and_preserves_historical_identity" time="0.041" /><testcase classname="tests.test_protocol_v5_final_audit" name="test_completion_audit_makes_p3_confirmatory_execution_conditional" time="0.000" /><testcase classname="tests.test_protocol_v5_final_audit" name="test_legacy_v1_probes_are_not_misclassified_as_unexecuted" time="0.041" /><testcase classname="tests.test_protocol_v5_final_audit" name="test_valid_not_executed_resource_packages_are_accepted" time="0.000" /><testcase classname="tests.test_protocol_v5_final_audit" name="test_metadata_mismatch_is_not_erased_by_functional_validation" time="0.000" /><testcase classname="tests.test_protocol_v5_final_audit" name="test_execution_origin_and_empty_status_fail_closed[OBSERVED-rows0-offline-OBSERVED_WITHOUT_OBSERVATIONS]" time="0.000" /><testcase classname="tests.test_protocol_v5_final_audit" name="test_execution_origin_and_empty_status_fail_closed[OBSERVED-rows1-image_functional-SYNTHETIC_OBSERVED]" time="0.000" /><testcase classname="tests.test_protocol_v5_final_audit" name="test_execution_origin_and_empty_status_fail_closed[OBSERVED-rows2-offline-SYNTHETIC_OBSERVED]" time="0.000" /><testcase classname="tests.test_protocol_v5_final_audit" name="test_execution_origin_and_empty_status_fail_closed[NOT_EXECUTED-rows3-resource_efficiency-UNEXECUTED_PACKAGE_CONTAINS_OBSERVATIONS]" time="0.000" /><testcase classname="tests.test_protocol_v5_final_audit" name="test_execution_origin_and_empty_status_fail_closed[DRY_RUN-rows4-image_functional-UNEXECUTED_PACKAGE_CONTAINS_OBSERVATIONS]" time="0.000" /><testcase classname="tests.test_protocol_v5_final_audit" name="test_empty_not_executed_is_valid_and_counts_are_not_imputed" time="0.000" /><testcase classname="tests.test_protocol_v5_final_audit" name="test_b0_ranking_metrics_rejected_even_in_nested_tables[value0]" time="0.000" /><testcase classname="tests.test_protocol_v5_final_audit" name="test_b0_ranking_metrics_rejected_even_in_nested_tables[value1]" time="0.000" /><testcase classname="tests.test_protocol_v5_final_audit" name="test_b0_ranking_metrics_rejected_even_in_nested_tables[value2]" time="0.000" /><testcase classname="tests.test_protocol_v5_final_audit" name="test_b0_selection_correctness_is_not_a_ranking_metric" time="0.000" /><testcase classname="tests.test_protocol_v5_final_audit" name="test_p_values_cannot_use_repeated_or_undeclared_units[None]" time="0.000" /><testcase classname="tests.test_protocol_v5_final_audit" name="test_p_values_cannot_use_repeated_or_undeclared_units[call]" time="0.000" /><testcase classname="tests.test_protocol_v5_final_audit" name="test_p_values_cannot_use_repeated_or_undeclared_units[repetition]" time="0.000" /><testcase classname="tests.test_protocol_v5_final_audit" name="test_p_values_cannot_use_repeated_or_undeclared_units[surface_form_variant]" time="0.000" /><testcase classname="tests.test_protocol_v5_final_audit" name="test_p_values_cannot_use_repeated_or_undeclared_units[case]" time="0.000" /><testcase classname="tests.test_protocol_v5_final_audit" name="test_family_inference_and_human_pairing_are_distinct" time="0.000" /><testcase classname="tests.test_protocol_v5_final_audit" name="test_no_p3_primary_claim_without_retained_gate" time="0.000" /><testcase classname="tests.test_protocol_v5_final_audit" name="test_environment_and_image_platform_are_required_for_observed_measurements" time="0.000" /><testcase classname="tests.test_protocol_v5_final_audit" name="test_privacy_validator_rejects_identifiers_without_echoing_values" time="0.001" /><testcase classname="tests.test_protocol_v5_final_audit" name="test_portable_relocation_requires_explicit_map_and_original_hash" time="0.002" /><testcase classname="tests.test_protocol_v5_final_audit" name="test_exclusive_publication_and_sealed_output_tampering" time="0.001" /><testcase classname="tests.test_protocol_v5_final_audit" name="test_input_paths_cannot_escape_or_follow_symlinks" time="0.001" /><testcase classname="tests.test_protocol_v5_final_audit" name="test_regeneration_compares_real_values_not_just_provenance" time="0.000" /><testcase classname="tests.test_protocol_v5_final_audit" name="test_current_raw_analysis_and_figures_reproduce_without_collectors" time="0.188" /><testcase classname="tests.test_protocol_v5_final_audit" name="test_clean_relocated_checkout_runs_full_audit_with_only_portable_core" time="7.172" /></testsuite></testsuites>