<?xml version="1.0" encoding="utf-8"?><testsuites name="pytest tests"><testsuite name="pytest" errors="0" failures="0" skipped="0" tests="30" time="8.896" timestamp="2026-09-11T09:07:36.337607+07:00" hostname="Macbook-4.local"><testcase classname="tests.test_evaluation_v5" name="test_development_override_cannot_downgrade_existing_observed_manifest" time="0.003" /><testcase classname="tests.test_evaluation_v5" name="test_development_override_protects_claim_sensitive_target_payloads[protected_payload0]" time="0.003" /><testcase classname="tests.test_evaluation_v5" name="test_development_override_protects_claim_sensitive_target_payloads[protected_payload1]" time="0.002" /><testcase classname="tests.test_evaluation_v5" name="test_development_override_protects_claim_sensitive_target_payloads[protected_payload2]" time="0.003" /><testcase classname="tests.test_evaluation_v5" name="test_development_override_protects_claim_sensitive_target_payloads[protected_payload3]" time="0.003" /><testcase classname="tests.test_evaluation_v5_isolation" name="test_arbitrary_freeze_identity_string_cannot_authorize_runner" time="0.022" /><testcase classname="tests.test_evaluation_v5_isolation" name="test_isolation_audit_parses_python_literals_without_joining_fixture_fragments" time="0.001" /><testcase classname="tests.test_evaluation_v5_isolation" name="test_isolation_audit_still_detects_complete_python_literal_bundle" time="0.001" /><testcase classname="tests.test_evaluation_v5_isolation" name="test_isolation_audit_detects_complete_concatenated_python_literal" time="0.001" /><testcase classname="tests.test_evaluation_v5_component_scoring" name="test_p3_gate_recomputes_decision_and_rejects_forged_retained_status" time="1.000" /><testcase classname="tests.test_resource_authenticity_adversarial" name="test_forced_observed_status_on_disk_fails_closed" time="0.552" /><testcase classname="tests.test_resource_envelope_v5" name="test_fake_adapter_drives_search_and_manual_review_gate" time="0.461" /><testcase classname="tests.test_protocol_v5_research_analysis" name="test_controlled_synthetic_storage_reproduction_never_supports_h7" time="1.700" /><testcase classname="tests.test_protocol_v5_research_analysis" name="test_external_normal_layout_synthetic_storage_is_discovered_but_never_selected" time="1.224" /><testcase classname="tests.test_evaluation_v5_gold_dataset" name="test_forged_confirmatory_classification_over_non_confirmatory_source_fails_closed" time="0.034" /><testcase classname="tests.test_evaluation_v5_robustness" name="test_generator_unconditionally_rejects_confirmatory_families" time="0.000" /><testcase classname="tests.test_evaluation_v5_image_functional" name="test_cuda_probe_without_site_packages_is_unavailable" time="0.026" /><testcase classname="tests.test_evaluation_v5_image_functional" name="test_docker_timeout_and_interrupt_always_remove_exact_container" time="0.003" /><testcase classname="tests.test_evaluation_v5_image_functional" name="test_kubernetes_pending_timeout_and_interrupt_delete_exact_pod" time="0.013" /><testcase classname="tests.test_evaluation_v5_image_functional" name="test_e5_rejects_wrong_or_stale_source_run_before_execution" time="0.105" /><testcase classname="tests.test_evaluation_v5_image_storage" name="test_catalog_scale_rejects_missing_canonical_v2_acceptable_gold" time="0.035" /><testcase classname="tests.test_protocol_v5_research_analysis" name="test_caller_duplicate_source_identity_mismatch_fails_closed" time="0.280" /><testcase classname="tests.test_protocol_v5_final_audit" name="test_p16_case_a_no_authenticated_real_evidence_has_no_fabricated_results" time="0.822" /><testcase classname="tests.test_protocol_v5_research_analysis" name="test_p16_case_b_observed_fixture_drives_status_metrics_and_report" time="0.288" /><testcase classname="tests.test_protocol_v5_research_analysis" name="test_p16_case_c_incomplete_evidence_never_becomes_positive" time="0.334" /><testcase classname="tests.test_protocol_v5_research_analysis" name="test_contradictory_claimable_evidence_writes_failed_audit_and_exits_two" time="0.471" /><testcase classname="tests.test_protocol_v5_research_analysis" name="test_p16_case_d_nonempty_authenticated_selection_reaches_completion" time="0.290" /><testcase classname="tests.test_evaluation_v5_robustness" name="test_cli_draft_refuses_confirmatory_input" time="0.008" /><testcase classname="tests.test_resource_authenticity_adversarial" name="test_all_20_e4_directories_in_repository_validate" time="0.280" /><testcase classname="tests.test_protocol_v5_final_audit" name="test_e3_lf_regeneration_is_versioned_and_preserves_historical_identity" time="0.042" /></testsuite></testsuites>