<?xml version="1.0" encoding="utf-8"?><testsuites name="pytest tests"><testsuite name="pytest" errors="0" failures="0" skipped="0" tests="27" time="6.221" timestamp="2026-09-10T17:07:17.677073+07:00" hostname="Macbook-4.local"><testcase classname="tests.test_evaluation_v5" name="test_development_override_cannot_downgrade_existing_observed_manifest" time="0.004" /><testcase classname="tests.test_evaluation_v5" name="test_development_override_protects_claim_sensitive_target_payloads[protected_payload0]" time="0.003" /><testcase classname="tests.test_evaluation_v5" name="test_development_override_protects_claim_sensitive_target_payloads[protected_payload1]" time="0.002" /><testcase classname="tests.test_evaluation_v5" name="test_development_override_protects_claim_sensitive_target_payloads[protected_payload2]" time="0.002" /><testcase classname="tests.test_evaluation_v5" name="test_development_override_protects_claim_sensitive_target_payloads[protected_payload3]" time="0.002" /><testcase classname="tests.test_evaluation_v5_isolation" name="test_arbitrary_freeze_identity_string_cannot_authorize_runner" time="0.022" /><testcase classname="tests.test_evaluation_v5_isolation" name="test_isolation_audit_parses_python_literals_without_joining_fixture_fragments" time="0.001" /><testcase classname="tests.test_evaluation_v5_isolation" name="test_isolation_audit_still_detects_complete_python_literal_bundle" time="0.001" /><testcase classname="tests.test_evaluation_v5_isolation" name="test_isolation_audit_detects_complete_concatenated_python_literal" time="0.001" /><testcase classname="tests.test_evaluation_v5_component_scoring" name="test_p3_gate_recomputes_decision_and_rejects_forged_retained_status" time="0.984" /><testcase classname="tests.test_resource_authenticity_adversarial" name="test_forced_observed_status_on_disk_fails_closed" time="0.539" /><testcase classname="tests.test_resource_envelope_v5" name="test_fake_adapter_drives_search_and_manual_review_gate" time="0.470" /><testcase classname="tests.test_protocol_v5_research_analysis" name="test_controlled_synthetic_storage_reproduction_never_supports_h7" time="1.624" /><testcase classname="tests.test_evaluation_v5_gold_dataset" name="test_forged_confirmatory_classification_over_non_confirmatory_source_fails_closed" time="0.040" /><testcase classname="tests.test_evaluation_v5_robustness" name="test_generator_unconditionally_rejects_confirmatory_families" time="0.000" /><testcase classname="tests.test_evaluation_v5_image_functional" name="test_cuda_probe_without_site_packages_is_unavailable" time="0.022" /><testcase classname="tests.test_evaluation_v5_image_functional" name="test_docker_timeout_and_interrupt_always_remove_exact_container" time="0.003" /><testcase classname="tests.test_evaluation_v5_image_functional" name="test_kubernetes_pending_timeout_and_interrupt_delete_exact_pod" time="0.012" /><testcase classname="tests.test_evaluation_v5_image_functional" name="test_e5_rejects_wrong_or_stale_source_run_before_execution" time="0.101" /><testcase classname="tests.test_evaluation_v5_image_storage" name="test_catalog_scale_rejects_missing_canonical_v2_acceptable_gold" time="0.033" /><testcase classname="tests.test_protocol_v5_research_analysis" name="test_caller_duplicate_source_identity_mismatch_fails_closed" time="0.278" /><testcase classname="tests.test_protocol_v5_final_audit" name="test_final_audit_consumes_explicit_authenticated_claim_package" time="0.854" /><testcase classname="tests.test_protocol_v5_final_audit" name="test_report_renders_changed_validated_claim_state_instead_of_snapshot_prose" time="0.047" /><testcase classname="tests.test_protocol_v5_final_audit" name="test_collector_origin_scan_rejects_synthetic_observed_fixture_outside_repository" time="0.001" /><testcase classname="tests.test_evaluation_v5_robustness" name="test_cli_draft_refuses_confirmatory_input" time="0.007" /><testcase classname="tests.test_resource_authenticity_adversarial" name="test_all_20_e4_directories_in_repository_validate" time="0.286" /><testcase classname="tests.test_protocol_v5_final_audit" name="test_e3_lf_regeneration_is_versioned_and_preserves_historical_identity" time="0.042" /></testsuite></testsuites>